=================================================================
                Monodomain Simulation Log
-----------------------------------------------------------------
 Start Time             : 2025-05-15 19:16:21
 Configuration File     : configs/example_config.ini
 Output Directory       : outputs/afhn_spiral

 Execution Mode         : SERIAL
 Equation Type          : MONODOMAIN
 Cell Model             : AFHN
 Numerical Method       : SSIADI

 Grid Size (Nx x Ny)    : 201 x 201
 Domain Size (Lx x Ly)  : 2.00 x 2.00
 Spatial Step (dx, dy)  : 0.01, 0.01
 Time Step (dt)         : 0.01
 Total Time             : 1000.00
 Number of Steps (M)    : 100000
 Sigma                  : 0.0012
 Theta                  : -1.0000

 Save Frames            : Yes
 Save Last Frame        : Yes
 Save Last State        : No
 Shift State            : No
 Measure Velocity       : Yes
 Frame Save Rate        : 100
 Number of Threads      : -1
 Restore State Path     : 
 Initial State Mode     : 
=================================================================

[+] Frame at time 0.00 ms saved to outputs/afhn_spiral/frames/Vm_00000.vtk
[+] Frame at time 1.00 ms saved to outputs/afhn_spiral/frames/Vm_00100.vtk
[+] Frame at time 2.00 ms saved to outputs/afhn_spiral/frames/Vm_00200.vtk
[+] Frame at time 3.00 ms saved to outputs/afhn_spiral/frames/Vm_00300.vtk
[+] Frame at time 4.00 ms saved to outputs/afhn_spiral/frames/Vm_00400.vtk
[+] Frame at time 5.00 ms saved to outputs/afhn_spiral/frames/Vm_00500.vtk
[+] Frame at time 6.00 ms saved to outputs/afhn_spiral/frames/Vm_00600.vtk
[+] Frame at time 7.00 ms saved to outputs/afhn_spiral/frames/Vm_00700.vtk
[+] Frame at time 8.00 ms saved to outputs/afhn_spiral/frames/Vm_00800.vtk
[+] Frame at time 9.00 ms saved to outputs/afhn_spiral/frames/Vm_00900.vtk
[+] Frame at time 10.00 ms saved to outputs/afhn_spiral/frames/Vm_01000.vtk
[+] Frame at time 11.00 ms saved to outputs/afhn_spiral/frames/Vm_01100.vtk
[+] Frame at time 12.00 ms saved to outputs/afhn_spiral/frames/Vm_01200.vtk
[+] Frame at time 13.00 ms saved to outputs/afhn_spiral/frames/Vm_01300.vtk
[+] Frame at time 14.00 ms saved to outputs/afhn_spiral/frames/Vm_01400.vtk
[+] Frame at time 15.00 ms saved to outputs/afhn_spiral/frames/Vm_01500.vtk
[+] Frame at time 16.00 ms saved to outputs/afhn_spiral/frames/Vm_01600.vtk
[+] Frame at time 17.00 ms saved to outputs/afhn_spiral/frames/Vm_01700.vtk
[+] Frame at time 18.00 ms saved to outputs/afhn_spiral/frames/Vm_01800.vtk
[i] Stim velocity (measured from 0.67 to 1.33 cm) is 61.44 cm/s
[+] Frame at time 19.00 ms saved to outputs/afhn_spiral/frames/Vm_01900.vtk
[+] Frame at time 20.00 ms saved to outputs/afhn_spiral/frames/Vm_02000.vtk
[+] Frame at time 21.00 ms saved to outputs/afhn_spiral/frames/Vm_02100.vtk
[+] Frame at time 22.00 ms saved to outputs/afhn_spiral/frames/Vm_02200.vtk
[+] Frame at time 23.00 ms saved to outputs/afhn_spiral/frames/Vm_02300.vtk
[+] Frame at time 24.00 ms saved to outputs/afhn_spiral/frames/Vm_02400.vtk
[+] Frame at time 25.00 ms saved to outputs/afhn_spiral/frames/Vm_02500.vtk
[+] Frame at time 26.00 ms saved to outputs/afhn_spiral/frames/Vm_02600.vtk
[+] Frame at time 27.00 ms saved to outputs/afhn_spiral/frames/Vm_02700.vtk
[+] Frame at time 28.00 ms saved to outputs/afhn_spiral/frames/Vm_02800.vtk
[+] Frame at time 29.00 ms saved to outputs/afhn_spiral/frames/Vm_02900.vtk
[+] Frame at time 30.00 ms saved to outputs/afhn_spiral/frames/Vm_03000.vtk
[+] Frame at time 31.00 ms saved to outputs/afhn_spiral/frames/Vm_03100.vtk
[+] Frame at time 32.00 ms saved to outputs/afhn_spiral/frames/Vm_03200.vtk
[+] Frame at time 33.00 ms saved to outputs/afhn_spiral/frames/Vm_03300.vtk
[+] Frame at time 34.00 ms saved to outputs/afhn_spiral/frames/Vm_03400.vtk
[+] Frame at time 35.00 ms saved to outputs/afhn_spiral/frames/Vm_03500.vtk
[+] Frame at time 36.00 ms saved to outputs/afhn_spiral/frames/Vm_03600.vtk
[+] Frame at time 37.00 ms saved to outputs/afhn_spiral/frames/Vm_03700.vtk
[+] Frame at time 38.00 ms saved to outputs/afhn_spiral/frames/Vm_03800.vtk
[+] Frame at time 39.00 ms saved to outputs/afhn_spiral/frames/Vm_03900.vtk
[+] Frame at time 40.00 ms saved to outputs/afhn_spiral/frames/Vm_04000.vtk
[+] Frame at time 41.00 ms saved to outputs/afhn_spiral/frames/Vm_04100.vtk
[+] Frame at time 42.00 ms saved to outputs/afhn_spiral/frames/Vm_04200.vtk
[+] Frame at time 43.00 ms saved to outputs/afhn_spiral/frames/Vm_04300.vtk
[+] Frame at time 44.00 ms saved to outputs/afhn_spiral/frames/Vm_04400.vtk
[+] Frame at time 45.00 ms saved to outputs/afhn_spiral/frames/Vm_04500.vtk
[+] Frame at time 46.00 ms saved to outputs/afhn_spiral/frames/Vm_04600.vtk
[+] Frame at time 47.00 ms saved to outputs/afhn_spiral/frames/Vm_04700.vtk
[+] Frame at time 48.00 ms saved to outputs/afhn_spiral/frames/Vm_04800.vtk
[+] Frame at time 49.00 ms saved to outputs/afhn_spiral/frames/Vm_04900.vtk
[+] Frame at time 50.00 ms saved to outputs/afhn_spiral/frames/Vm_05000.vtk
[+] Frame at time 51.00 ms saved to outputs/afhn_spiral/frames/Vm_05100.vtk
[+] Frame at time 52.00 ms saved to outputs/afhn_spiral/frames/Vm_05200.vtk
[+] Frame at time 53.00 ms saved to outputs/afhn_spiral/frames/Vm_05300.vtk
[+] Frame at time 54.00 ms saved to outputs/afhn_spiral/frames/Vm_05400.vtk
[+] Frame at time 55.00 ms saved to outputs/afhn_spiral/frames/Vm_05500.vtk
[+] Frame at time 56.00 ms saved to outputs/afhn_spiral/frames/Vm_05600.vtk
[+] Frame at time 57.00 ms saved to outputs/afhn_spiral/frames/Vm_05700.vtk
[+] Frame at time 58.00 ms saved to outputs/afhn_spiral/frames/Vm_05800.vtk
[+] Frame at time 59.00 ms saved to outputs/afhn_spiral/frames/Vm_05900.vtk
[+] Frame at time 60.00 ms saved to outputs/afhn_spiral/frames/Vm_06000.vtk
[+] Frame at time 61.00 ms saved to outputs/afhn_spiral/frames/Vm_06100.vtk
[+] Frame at time 62.00 ms saved to outputs/afhn_spiral/frames/Vm_06200.vtk
[+] Frame at time 63.00 ms saved to outputs/afhn_spiral/frames/Vm_06300.vtk
[+] Frame at time 64.00 ms saved to outputs/afhn_spiral/frames/Vm_06400.vtk
[+] Frame at time 65.00 ms saved to outputs/afhn_spiral/frames/Vm_06500.vtk
[+] Frame at time 66.00 ms saved to outputs/afhn_spiral/frames/Vm_06600.vtk
[+] Frame at time 67.00 ms saved to outputs/afhn_spiral/frames/Vm_06700.vtk
[+] Frame at time 68.00 ms saved to outputs/afhn_spiral/frames/Vm_06800.vtk
[+] Frame at time 69.00 ms saved to outputs/afhn_spiral/frames/Vm_06900.vtk
[+] Frame at time 70.00 ms saved to outputs/afhn_spiral/frames/Vm_07000.vtk
[+] Frame at time 71.00 ms saved to outputs/afhn_spiral/frames/Vm_07100.vtk
[+] Frame at time 72.00 ms saved to outputs/afhn_spiral/frames/Vm_07200.vtk
[+] Frame at time 73.00 ms saved to outputs/afhn_spiral/frames/Vm_07300.vtk
[+] Frame at time 74.00 ms saved to outputs/afhn_spiral/frames/Vm_07400.vtk
[+] Frame at time 75.00 ms saved to outputs/afhn_spiral/frames/Vm_07500.vtk
[+] Frame at time 76.00 ms saved to outputs/afhn_spiral/frames/Vm_07600.vtk
[+] Frame at time 77.00 ms saved to outputs/afhn_spiral/frames/Vm_07700.vtk
[+] Frame at time 78.00 ms saved to outputs/afhn_spiral/frames/Vm_07800.vtk
[+] Frame at time 79.00 ms saved to outputs/afhn_spiral/frames/Vm_07900.vtk
[+] Frame at time 80.00 ms saved to outputs/afhn_spiral/frames/Vm_08000.vtk
[+] Frame at time 81.00 ms saved to outputs/afhn_spiral/frames/Vm_08100.vtk
[+] Frame at time 82.00 ms saved to outputs/afhn_spiral/frames/Vm_08200.vtk
[+] Frame at time 83.00 ms saved to outputs/afhn_spiral/frames/Vm_08300.vtk
[+] Frame at time 84.00 ms saved to outputs/afhn_spiral/frames/Vm_08400.vtk
[+] Frame at time 85.00 ms saved to outputs/afhn_spiral/frames/Vm_08500.vtk
[+] Frame at time 86.00 ms saved to outputs/afhn_spiral/frames/Vm_08600.vtk
[+] Frame at time 87.00 ms saved to outputs/afhn_spiral/frames/Vm_08700.vtk
[+] Frame at time 88.00 ms saved to outputs/afhn_spiral/frames/Vm_08800.vtk
[+] Frame at time 89.00 ms saved to outputs/afhn_spiral/frames/Vm_08900.vtk
[+] Frame at time 90.00 ms saved to outputs/afhn_spiral/frames/Vm_09000.vtk
[+] Frame at time 91.00 ms saved to outputs/afhn_spiral/frames/Vm_09100.vtk
[+] Frame at time 92.00 ms saved to outputs/afhn_spiral/frames/Vm_09200.vtk
[+] Frame at time 93.00 ms saved to outputs/afhn_spiral/frames/Vm_09300.vtk
[+] Frame at time 94.00 ms saved to outputs/afhn_spiral/frames/Vm_09400.vtk
[+] Frame at time 95.00 ms saved to outputs/afhn_spiral/frames/Vm_09500.vtk
[+] Frame at time 96.00 ms saved to outputs/afhn_spiral/frames/Vm_09600.vtk
[+] Frame at time 97.00 ms saved to outputs/afhn_spiral/frames/Vm_09700.vtk
[+] Frame at time 98.00 ms saved to outputs/afhn_spiral/frames/Vm_09800.vtk
[+] Frame at time 99.00 ms saved to outputs/afhn_spiral/frames/Vm_09900.vtk
[+] Frame at time 100.00 ms saved to outputs/afhn_spiral/frames/Vm_10000.vtk
[+] Frame at time 101.00 ms saved to outputs/afhn_spiral/frames/Vm_10100.vtk
[+] Frame at time 102.00 ms saved to outputs/afhn_spiral/frames/Vm_10200.vtk
[+] Frame at time 103.00 ms saved to outputs/afhn_spiral/frames/Vm_10300.vtk
[+] Frame at time 104.00 ms saved to outputs/afhn_spiral/frames/Vm_10400.vtk
[+] Frame at time 105.00 ms saved to outputs/afhn_spiral/frames/Vm_10500.vtk
[+] Frame at time 106.00 ms saved to outputs/afhn_spiral/frames/Vm_10600.vtk
[+] Frame at time 107.00 ms saved to outputs/afhn_spiral/frames/Vm_10700.vtk
[+] Frame at time 108.00 ms saved to outputs/afhn_spiral/frames/Vm_10800.vtk
[+] Frame at time 109.00 ms saved to outputs/afhn_spiral/frames/Vm_10900.vtk
[+] Frame at time 110.00 ms saved to outputs/afhn_spiral/frames/Vm_11000.vtk
[+] Frame at time 111.00 ms saved to outputs/afhn_spiral/frames/Vm_11100.vtk
[+] Frame at time 112.00 ms saved to outputs/afhn_spiral/frames/Vm_11200.vtk
[+] Frame at time 113.00 ms saved to outputs/afhn_spiral/frames/Vm_11300.vtk
[+] Frame at time 114.00 ms saved to outputs/afhn_spiral/frames/Vm_11400.vtk
[+] Frame at time 115.00 ms saved to outputs/afhn_spiral/frames/Vm_11500.vtk
[+] Frame at time 116.00 ms saved to outputs/afhn_spiral/frames/Vm_11600.vtk
[+] Frame at time 117.00 ms saved to outputs/afhn_spiral/frames/Vm_11700.vtk
[+] Frame at time 118.00 ms saved to outputs/afhn_spiral/frames/Vm_11800.vtk
[+] Frame at time 119.00 ms saved to outputs/afhn_spiral/frames/Vm_11900.vtk
[+] Frame at time 120.00 ms saved to outputs/afhn_spiral/frames/Vm_12000.vtk
[+] Frame at time 121.00 ms saved to outputs/afhn_spiral/frames/Vm_12100.vtk
[+] Frame at time 122.00 ms saved to outputs/afhn_spiral/frames/Vm_12200.vtk
[+] Frame at time 123.00 ms saved to outputs/afhn_spiral/frames/Vm_12300.vtk
[+] Frame at time 124.00 ms saved to outputs/afhn_spiral/frames/Vm_12400.vtk
[+] Frame at time 125.00 ms saved to outputs/afhn_spiral/frames/Vm_12500.vtk
[+] Frame at time 126.00 ms saved to outputs/afhn_spiral/frames/Vm_12600.vtk
[+] Frame at time 127.00 ms saved to outputs/afhn_spiral/frames/Vm_12700.vtk
[+] Frame at time 128.00 ms saved to outputs/afhn_spiral/frames/Vm_12800.vtk
[+] Frame at time 129.00 ms saved to outputs/afhn_spiral/frames/Vm_12900.vtk
[+] Frame at time 130.00 ms saved to outputs/afhn_spiral/frames/Vm_13000.vtk
[+] Frame at time 131.00 ms saved to outputs/afhn_spiral/frames/Vm_13100.vtk
[+] Frame at time 132.00 ms saved to outputs/afhn_spiral/frames/Vm_13200.vtk
[+] Frame at time 133.00 ms saved to outputs/afhn_spiral/frames/Vm_13300.vtk
[+] Frame at time 134.00 ms saved to outputs/afhn_spiral/frames/Vm_13400.vtk
[+] Frame at time 135.00 ms saved to outputs/afhn_spiral/frames/Vm_13500.vtk
[+] Frame at time 136.00 ms saved to outputs/afhn_spiral/frames/Vm_13600.vtk
[+] Frame at time 137.00 ms saved to outputs/afhn_spiral/frames/Vm_13700.vtk
[+] Frame at time 138.00 ms saved to outputs/afhn_spiral/frames/Vm_13800.vtk
[+] Frame at time 139.00 ms saved to outputs/afhn_spiral/frames/Vm_13900.vtk
[+] Frame at time 140.00 ms saved to outputs/afhn_spiral/frames/Vm_14000.vtk
[+] Frame at time 141.00 ms saved to outputs/afhn_spiral/frames/Vm_14100.vtk
[+] Frame at time 142.00 ms saved to outputs/afhn_spiral/frames/Vm_14200.vtk
[+] Frame at time 143.00 ms saved to outputs/afhn_spiral/frames/Vm_14300.vtk
[+] Frame at time 144.00 ms saved to outputs/afhn_spiral/frames/Vm_14400.vtk
[+] Frame at time 145.00 ms saved to outputs/afhn_spiral/frames/Vm_14500.vtk
[+] Frame at time 146.00 ms saved to outputs/afhn_spiral/frames/Vm_14600.vtk
[+] Frame at time 147.00 ms saved to outputs/afhn_spiral/frames/Vm_14700.vtk
[+] Frame at time 148.00 ms saved to outputs/afhn_spiral/frames/Vm_14800.vtk
[+] Frame at time 149.00 ms saved to outputs/afhn_spiral/frames/Vm_14900.vtk
[+] Frame at time 150.00 ms saved to outputs/afhn_spiral/frames/Vm_15000.vtk
[+] Frame at time 151.00 ms saved to outputs/afhn_spiral/frames/Vm_15100.vtk
[+] Frame at time 152.00 ms saved to outputs/afhn_spiral/frames/Vm_15200.vtk
[+] Frame at time 153.00 ms saved to outputs/afhn_spiral/frames/Vm_15300.vtk
[+] Frame at time 154.00 ms saved to outputs/afhn_spiral/frames/Vm_15400.vtk
[+] Frame at time 155.00 ms saved to outputs/afhn_spiral/frames/Vm_15500.vtk
[+] Frame at time 156.00 ms saved to outputs/afhn_spiral/frames/Vm_15600.vtk
[+] Frame at time 157.00 ms saved to outputs/afhn_spiral/frames/Vm_15700.vtk
[+] Frame at time 158.00 ms saved to outputs/afhn_spiral/frames/Vm_15800.vtk
[+] Frame at time 159.00 ms saved to outputs/afhn_spiral/frames/Vm_15900.vtk
[+] Frame at time 160.00 ms saved to outputs/afhn_spiral/frames/Vm_16000.vtk
[+] Frame at time 161.00 ms saved to outputs/afhn_spiral/frames/Vm_16100.vtk
[+] Frame at time 162.00 ms saved to outputs/afhn_spiral/frames/Vm_16200.vtk
[+] Frame at time 163.00 ms saved to outputs/afhn_spiral/frames/Vm_16300.vtk
[+] Frame at time 164.00 ms saved to outputs/afhn_spiral/frames/Vm_16400.vtk
[+] Frame at time 165.00 ms saved to outputs/afhn_spiral/frames/Vm_16500.vtk
[+] Frame at time 166.00 ms saved to outputs/afhn_spiral/frames/Vm_16600.vtk
[+] Frame at time 167.00 ms saved to outputs/afhn_spiral/frames/Vm_16700.vtk
[+] Frame at time 168.00 ms saved to outputs/afhn_spiral/frames/Vm_16800.vtk
[+] Frame at time 169.00 ms saved to outputs/afhn_spiral/frames/Vm_16900.vtk
[+] Frame at time 170.00 ms saved to outputs/afhn_spiral/frames/Vm_17000.vtk
[+] Frame at time 171.00 ms saved to outputs/afhn_spiral/frames/Vm_17100.vtk
[+] Frame at time 172.00 ms saved to outputs/afhn_spiral/frames/Vm_17200.vtk
[+] Frame at time 173.00 ms saved to outputs/afhn_spiral/frames/Vm_17300.vtk
[+] Frame at time 174.00 ms saved to outputs/afhn_spiral/frames/Vm_17400.vtk
[+] Frame at time 175.00 ms saved to outputs/afhn_spiral/frames/Vm_17500.vtk
[+] Frame at time 176.00 ms saved to outputs/afhn_spiral/frames/Vm_17600.vtk
[+] Frame at time 177.00 ms saved to outputs/afhn_spiral/frames/Vm_17700.vtk
[+] Frame at time 178.00 ms saved to outputs/afhn_spiral/frames/Vm_17800.vtk
[+] Frame at time 179.00 ms saved to outputs/afhn_spiral/frames/Vm_17900.vtk
[+] Frame at time 180.00 ms saved to outputs/afhn_spiral/frames/Vm_18000.vtk
[+] Frame at time 181.00 ms saved to outputs/afhn_spiral/frames/Vm_18100.vtk
[+] Frame at time 182.00 ms saved to outputs/afhn_spiral/frames/Vm_18200.vtk
[+] Frame at time 183.00 ms saved to outputs/afhn_spiral/frames/Vm_18300.vtk
[+] Frame at time 184.00 ms saved to outputs/afhn_spiral/frames/Vm_18400.vtk
[+] Frame at time 185.00 ms saved to outputs/afhn_spiral/frames/Vm_18500.vtk
[+] Frame at time 186.00 ms saved to outputs/afhn_spiral/frames/Vm_18600.vtk
[+] Frame at time 187.00 ms saved to outputs/afhn_spiral/frames/Vm_18700.vtk
[+] Frame at time 188.00 ms saved to outputs/afhn_spiral/frames/Vm_18800.vtk
[+] Frame at time 189.00 ms saved to outputs/afhn_spiral/frames/Vm_18900.vtk
[+] Frame at time 190.00 ms saved to outputs/afhn_spiral/frames/Vm_19000.vtk
[+] Frame at time 191.00 ms saved to outputs/afhn_spiral/frames/Vm_19100.vtk
[+] Frame at time 192.00 ms saved to outputs/afhn_spiral/frames/Vm_19200.vtk
[+] Frame at time 193.00 ms saved to outputs/afhn_spiral/frames/Vm_19300.vtk
[+] Frame at time 194.00 ms saved to outputs/afhn_spiral/frames/Vm_19400.vtk
[+] Frame at time 195.00 ms saved to outputs/afhn_spiral/frames/Vm_19500.vtk
[+] Frame at time 196.00 ms saved to outputs/afhn_spiral/frames/Vm_19600.vtk
[+] Frame at time 197.00 ms saved to outputs/afhn_spiral/frames/Vm_19700.vtk
[+] Frame at time 198.00 ms saved to outputs/afhn_spiral/frames/Vm_19800.vtk
[+] Frame at time 199.00 ms saved to outputs/afhn_spiral/frames/Vm_19900.vtk
[+] Frame at time 200.00 ms saved to outputs/afhn_spiral/frames/Vm_20000.vtk
[+] Frame at time 201.00 ms saved to outputs/afhn_spiral/frames/Vm_20100.vtk
[+] Frame at time 202.00 ms saved to outputs/afhn_spiral/frames/Vm_20200.vtk
[+] Frame at time 203.00 ms saved to outputs/afhn_spiral/frames/Vm_20300.vtk
[+] Frame at time 204.00 ms saved to outputs/afhn_spiral/frames/Vm_20400.vtk
[+] Frame at time 205.00 ms saved to outputs/afhn_spiral/frames/Vm_20500.vtk
[+] Frame at time 206.00 ms saved to outputs/afhn_spiral/frames/Vm_20600.vtk
[+] Frame at time 207.00 ms saved to outputs/afhn_spiral/frames/Vm_20700.vtk
[+] Frame at time 208.00 ms saved to outputs/afhn_spiral/frames/Vm_20800.vtk
[+] Frame at time 209.00 ms saved to outputs/afhn_spiral/frames/Vm_20900.vtk
[+] Frame at time 210.00 ms saved to outputs/afhn_spiral/frames/Vm_21000.vtk
[+] Frame at time 211.00 ms saved to outputs/afhn_spiral/frames/Vm_21100.vtk
[+] Frame at time 212.00 ms saved to outputs/afhn_spiral/frames/Vm_21200.vtk
[+] Frame at time 213.00 ms saved to outputs/afhn_spiral/frames/Vm_21300.vtk
[+] Frame at time 214.00 ms saved to outputs/afhn_spiral/frames/Vm_21400.vtk
[+] Frame at time 215.00 ms saved to outputs/afhn_spiral/frames/Vm_21500.vtk
[+] Frame at time 216.00 ms saved to outputs/afhn_spiral/frames/Vm_21600.vtk
[+] Frame at time 217.00 ms saved to outputs/afhn_spiral/frames/Vm_21700.vtk
[+] Frame at time 218.00 ms saved to outputs/afhn_spiral/frames/Vm_21800.vtk
[+] Frame at time 219.00 ms saved to outputs/afhn_spiral/frames/Vm_21900.vtk
[+] Frame at time 220.00 ms saved to outputs/afhn_spiral/frames/Vm_22000.vtk
[+] Frame at time 221.00 ms saved to outputs/afhn_spiral/frames/Vm_22100.vtk
[+] Frame at time 222.00 ms saved to outputs/afhn_spiral/frames/Vm_22200.vtk
[+] Frame at time 223.00 ms saved to outputs/afhn_spiral/frames/Vm_22300.vtk
[+] Frame at time 224.00 ms saved to outputs/afhn_spiral/frames/Vm_22400.vtk
[+] Frame at time 225.00 ms saved to outputs/afhn_spiral/frames/Vm_22500.vtk
[+] Frame at time 226.00 ms saved to outputs/afhn_spiral/frames/Vm_22600.vtk
[+] Frame at time 227.00 ms saved to outputs/afhn_spiral/frames/Vm_22700.vtk
[+] Frame at time 228.00 ms saved to outputs/afhn_spiral/frames/Vm_22800.vtk
[+] Frame at time 229.00 ms saved to outputs/afhn_spiral/frames/Vm_22900.vtk
[+] Frame at time 230.00 ms saved to outputs/afhn_spiral/frames/Vm_23000.vtk
[+] Frame at time 231.00 ms saved to outputs/afhn_spiral/frames/Vm_23100.vtk
[+] Frame at time 232.00 ms saved to outputs/afhn_spiral/frames/Vm_23200.vtk
[+] Frame at time 233.00 ms saved to outputs/afhn_spiral/frames/Vm_23300.vtk
[+] Frame at time 234.00 ms saved to outputs/afhn_spiral/frames/Vm_23400.vtk
[+] Frame at time 235.00 ms saved to outputs/afhn_spiral/frames/Vm_23500.vtk
[+] Frame at time 236.00 ms saved to outputs/afhn_spiral/frames/Vm_23600.vtk
[+] Frame at time 237.00 ms saved to outputs/afhn_spiral/frames/Vm_23700.vtk
[+] Frame at time 238.00 ms saved to outputs/afhn_spiral/frames/Vm_23800.vtk
[+] Frame at time 239.00 ms saved to outputs/afhn_spiral/frames/Vm_23900.vtk
[+] Frame at time 240.00 ms saved to outputs/afhn_spiral/frames/Vm_24000.vtk
[+] Frame at time 241.00 ms saved to outputs/afhn_spiral/frames/Vm_24100.vtk
[+] Frame at time 242.00 ms saved to outputs/afhn_spiral/frames/Vm_24200.vtk
[+] Frame at time 243.00 ms saved to outputs/afhn_spiral/frames/Vm_24300.vtk
[+] Frame at time 244.00 ms saved to outputs/afhn_spiral/frames/Vm_24400.vtk
[+] Frame at time 245.00 ms saved to outputs/afhn_spiral/frames/Vm_24500.vtk
[+] Frame at time 246.00 ms saved to outputs/afhn_spiral/frames/Vm_24600.vtk
[+] Frame at time 247.00 ms saved to outputs/afhn_spiral/frames/Vm_24700.vtk
[+] Frame at time 248.00 ms saved to outputs/afhn_spiral/frames/Vm_24800.vtk
[+] Frame at time 249.00 ms saved to outputs/afhn_spiral/frames/Vm_24900.vtk
[+] Frame at time 250.00 ms saved to outputs/afhn_spiral/frames/Vm_25000.vtk
[+] Frame at time 251.00 ms saved to outputs/afhn_spiral/frames/Vm_25100.vtk
[+] Frame at time 252.00 ms saved to outputs/afhn_spiral/frames/Vm_25200.vtk
[+] Frame at time 253.00 ms saved to outputs/afhn_spiral/frames/Vm_25300.vtk
[+] Frame at time 254.00 ms saved to outputs/afhn_spiral/frames/Vm_25400.vtk
[+] Frame at time 255.00 ms saved to outputs/afhn_spiral/frames/Vm_25500.vtk
[+] Frame at time 256.00 ms saved to outputs/afhn_spiral/frames/Vm_25600.vtk
[+] Frame at time 257.00 ms saved to outputs/afhn_spiral/frames/Vm_25700.vtk
[+] Frame at time 258.00 ms saved to outputs/afhn_spiral/frames/Vm_25800.vtk
[+] Frame at time 259.00 ms saved to outputs/afhn_spiral/frames/Vm_25900.vtk
[+] Frame at time 260.00 ms saved to outputs/afhn_spiral/frames/Vm_26000.vtk
[+] Frame at time 261.00 ms saved to outputs/afhn_spiral/frames/Vm_26100.vtk
[+] Frame at time 262.00 ms saved to outputs/afhn_spiral/frames/Vm_26200.vtk
[+] Frame at time 263.00 ms saved to outputs/afhn_spiral/frames/Vm_26300.vtk
[+] Frame at time 264.00 ms saved to outputs/afhn_spiral/frames/Vm_26400.vtk
[+] Frame at time 265.00 ms saved to outputs/afhn_spiral/frames/Vm_26500.vtk
[+] Frame at time 266.00 ms saved to outputs/afhn_spiral/frames/Vm_26600.vtk
[+] Frame at time 267.00 ms saved to outputs/afhn_spiral/frames/Vm_26700.vtk
[+] Frame at time 268.00 ms saved to outputs/afhn_spiral/frames/Vm_26800.vtk
[+] Frame at time 269.00 ms saved to outputs/afhn_spiral/frames/Vm_26900.vtk
[+] Frame at time 270.00 ms saved to outputs/afhn_spiral/frames/Vm_27000.vtk
[+] Frame at time 271.00 ms saved to outputs/afhn_spiral/frames/Vm_27100.vtk
[+] Frame at time 272.00 ms saved to outputs/afhn_spiral/frames/Vm_27200.vtk
[+] Frame at time 273.00 ms saved to outputs/afhn_spiral/frames/Vm_27300.vtk
[+] Frame at time 274.00 ms saved to outputs/afhn_spiral/frames/Vm_27400.vtk
[+] Frame at time 275.00 ms saved to outputs/afhn_spiral/frames/Vm_27500.vtk
[+] Frame at time 276.00 ms saved to outputs/afhn_spiral/frames/Vm_27600.vtk
[+] Frame at time 277.00 ms saved to outputs/afhn_spiral/frames/Vm_27700.vtk
[+] Frame at time 278.00 ms saved to outputs/afhn_spiral/frames/Vm_27800.vtk
[+] Frame at time 279.00 ms saved to outputs/afhn_spiral/frames/Vm_27900.vtk
[+] Frame at time 280.00 ms saved to outputs/afhn_spiral/frames/Vm_28000.vtk
[+] Frame at time 281.00 ms saved to outputs/afhn_spiral/frames/Vm_28100.vtk
[+] Frame at time 282.00 ms saved to outputs/afhn_spiral/frames/Vm_28200.vtk
[+] Frame at time 283.00 ms saved to outputs/afhn_spiral/frames/Vm_28300.vtk
[+] Frame at time 284.00 ms saved to outputs/afhn_spiral/frames/Vm_28400.vtk
[+] Frame at time 285.00 ms saved to outputs/afhn_spiral/frames/Vm_28500.vtk
[+] Frame at time 286.00 ms saved to outputs/afhn_spiral/frames/Vm_28600.vtk
[+] Frame at time 287.00 ms saved to outputs/afhn_spiral/frames/Vm_28700.vtk
[+] Frame at time 288.00 ms saved to outputs/afhn_spiral/frames/Vm_28800.vtk
[+] Frame at time 289.00 ms saved to outputs/afhn_spiral/frames/Vm_28900.vtk
[+] Frame at time 290.00 ms saved to outputs/afhn_spiral/frames/Vm_29000.vtk
[+] Frame at time 291.00 ms saved to outputs/afhn_spiral/frames/Vm_29100.vtk
[+] Frame at time 292.00 ms saved to outputs/afhn_spiral/frames/Vm_29200.vtk
[+] Frame at time 293.00 ms saved to outputs/afhn_spiral/frames/Vm_29300.vtk
[+] Frame at time 294.00 ms saved to outputs/afhn_spiral/frames/Vm_29400.vtk
[+] Frame at time 295.00 ms saved to outputs/afhn_spiral/frames/Vm_29500.vtk
[+] Frame at time 296.00 ms saved to outputs/afhn_spiral/frames/Vm_29600.vtk
[+] Frame at time 297.00 ms saved to outputs/afhn_spiral/frames/Vm_29700.vtk
[+] Frame at time 298.00 ms saved to outputs/afhn_spiral/frames/Vm_29800.vtk
[+] Frame at time 299.00 ms saved to outputs/afhn_spiral/frames/Vm_29900.vtk
[+] Frame at time 300.00 ms saved to outputs/afhn_spiral/frames/Vm_30000.vtk
[+] Frame at time 301.00 ms saved to outputs/afhn_spiral/frames/Vm_30100.vtk
[+] Frame at time 302.00 ms saved to outputs/afhn_spiral/frames/Vm_30200.vtk
[+] Frame at time 303.00 ms saved to outputs/afhn_spiral/frames/Vm_30300.vtk
[+] Frame at time 304.00 ms saved to outputs/afhn_spiral/frames/Vm_30400.vtk
[+] Frame at time 305.00 ms saved to outputs/afhn_spiral/frames/Vm_30500.vtk
[+] Frame at time 306.00 ms saved to outputs/afhn_spiral/frames/Vm_30600.vtk
[+] Frame at time 307.00 ms saved to outputs/afhn_spiral/frames/Vm_30700.vtk
[+] Frame at time 308.00 ms saved to outputs/afhn_spiral/frames/Vm_30800.vtk
[+] Frame at time 309.00 ms saved to outputs/afhn_spiral/frames/Vm_30900.vtk
[+] Frame at time 310.00 ms saved to outputs/afhn_spiral/frames/Vm_31000.vtk
[+] Frame at time 311.00 ms saved to outputs/afhn_spiral/frames/Vm_31100.vtk
[+] Frame at time 312.00 ms saved to outputs/afhn_spiral/frames/Vm_31200.vtk
[+] Frame at time 313.00 ms saved to outputs/afhn_spiral/frames/Vm_31300.vtk
[+] Frame at time 314.00 ms saved to outputs/afhn_spiral/frames/Vm_31400.vtk
[+] Frame at time 315.00 ms saved to outputs/afhn_spiral/frames/Vm_31500.vtk
[+] Frame at time 316.00 ms saved to outputs/afhn_spiral/frames/Vm_31600.vtk
[+] Frame at time 317.00 ms saved to outputs/afhn_spiral/frames/Vm_31700.vtk
[+] Frame at time 318.00 ms saved to outputs/afhn_spiral/frames/Vm_31800.vtk
[+] Frame at time 319.00 ms saved to outputs/afhn_spiral/frames/Vm_31900.vtk
[+] Frame at time 320.00 ms saved to outputs/afhn_spiral/frames/Vm_32000.vtk
[+] Frame at time 321.00 ms saved to outputs/afhn_spiral/frames/Vm_32100.vtk
[+] Frame at time 322.00 ms saved to outputs/afhn_spiral/frames/Vm_32200.vtk
[+] Frame at time 323.00 ms saved to outputs/afhn_spiral/frames/Vm_32300.vtk
[+] Frame at time 324.00 ms saved to outputs/afhn_spiral/frames/Vm_32400.vtk
[+] Frame at time 325.00 ms saved to outputs/afhn_spiral/frames/Vm_32500.vtk
[+] Frame at time 326.00 ms saved to outputs/afhn_spiral/frames/Vm_32600.vtk
[+] Frame at time 327.00 ms saved to outputs/afhn_spiral/frames/Vm_32700.vtk
[+] Frame at time 328.00 ms saved to outputs/afhn_spiral/frames/Vm_32800.vtk
[+] Frame at time 329.00 ms saved to outputs/afhn_spiral/frames/Vm_32900.vtk
[+] Frame at time 330.00 ms saved to outputs/afhn_spiral/frames/Vm_33000.vtk
[+] Frame at time 331.00 ms saved to outputs/afhn_spiral/frames/Vm_33100.vtk
[+] Frame at time 332.00 ms saved to outputs/afhn_spiral/frames/Vm_33200.vtk
[+] Frame at time 333.00 ms saved to outputs/afhn_spiral/frames/Vm_33300.vtk
[+] Frame at time 334.00 ms saved to outputs/afhn_spiral/frames/Vm_33400.vtk
[+] Frame at time 335.00 ms saved to outputs/afhn_spiral/frames/Vm_33500.vtk
[+] Frame at time 336.00 ms saved to outputs/afhn_spiral/frames/Vm_33600.vtk
[+] Frame at time 337.00 ms saved to outputs/afhn_spiral/frames/Vm_33700.vtk
[+] Frame at time 338.00 ms saved to outputs/afhn_spiral/frames/Vm_33800.vtk
[+] Frame at time 339.00 ms saved to outputs/afhn_spiral/frames/Vm_33900.vtk
[+] Frame at time 340.00 ms saved to outputs/afhn_spiral/frames/Vm_34000.vtk
[+] Frame at time 341.00 ms saved to outputs/afhn_spiral/frames/Vm_34100.vtk
[+] Frame at time 342.00 ms saved to outputs/afhn_spiral/frames/Vm_34200.vtk
[+] Frame at time 343.00 ms saved to outputs/afhn_spiral/frames/Vm_34300.vtk
[+] Frame at time 344.00 ms saved to outputs/afhn_spiral/frames/Vm_34400.vtk
[+] Frame at time 345.00 ms saved to outputs/afhn_spiral/frames/Vm_34500.vtk
[+] Frame at time 346.00 ms saved to outputs/afhn_spiral/frames/Vm_34600.vtk
[+] Frame at time 347.00 ms saved to outputs/afhn_spiral/frames/Vm_34700.vtk
[+] Frame at time 348.00 ms saved to outputs/afhn_spiral/frames/Vm_34800.vtk
[+] Frame at time 349.00 ms saved to outputs/afhn_spiral/frames/Vm_34900.vtk
[+] Frame at time 350.00 ms saved to outputs/afhn_spiral/frames/Vm_35000.vtk
[+] Frame at time 351.00 ms saved to outputs/afhn_spiral/frames/Vm_35100.vtk
[+] Frame at time 352.00 ms saved to outputs/afhn_spiral/frames/Vm_35200.vtk
[+] Frame at time 353.00 ms saved to outputs/afhn_spiral/frames/Vm_35300.vtk
[+] Frame at time 354.00 ms saved to outputs/afhn_spiral/frames/Vm_35400.vtk
[+] Frame at time 355.00 ms saved to outputs/afhn_spiral/frames/Vm_35500.vtk
[+] Frame at time 356.00 ms saved to outputs/afhn_spiral/frames/Vm_35600.vtk
[+] Frame at time 357.00 ms saved to outputs/afhn_spiral/frames/Vm_35700.vtk
[+] Frame at time 358.00 ms saved to outputs/afhn_spiral/frames/Vm_35800.vtk
[+] Frame at time 359.00 ms saved to outputs/afhn_spiral/frames/Vm_35900.vtk
[+] Frame at time 360.00 ms saved to outputs/afhn_spiral/frames/Vm_36000.vtk
[+] Frame at time 361.00 ms saved to outputs/afhn_spiral/frames/Vm_36100.vtk
[+] Frame at time 362.00 ms saved to outputs/afhn_spiral/frames/Vm_36200.vtk
[+] Frame at time 363.00 ms saved to outputs/afhn_spiral/frames/Vm_36300.vtk
[+] Frame at time 364.00 ms saved to outputs/afhn_spiral/frames/Vm_36400.vtk
[+] Frame at time 365.00 ms saved to outputs/afhn_spiral/frames/Vm_36500.vtk
[+] Frame at time 366.00 ms saved to outputs/afhn_spiral/frames/Vm_36600.vtk
[+] Frame at time 367.00 ms saved to outputs/afhn_spiral/frames/Vm_36700.vtk
[+] Frame at time 368.00 ms saved to outputs/afhn_spiral/frames/Vm_36800.vtk
[+] Frame at time 369.00 ms saved to outputs/afhn_spiral/frames/Vm_36900.vtk
[+] Frame at time 370.00 ms saved to outputs/afhn_spiral/frames/Vm_37000.vtk
[+] Frame at time 371.00 ms saved to outputs/afhn_spiral/frames/Vm_37100.vtk
[+] Frame at time 372.00 ms saved to outputs/afhn_spiral/frames/Vm_37200.vtk
[+] Frame at time 373.00 ms saved to outputs/afhn_spiral/frames/Vm_37300.vtk
[+] Frame at time 374.00 ms saved to outputs/afhn_spiral/frames/Vm_37400.vtk
[+] Frame at time 375.00 ms saved to outputs/afhn_spiral/frames/Vm_37500.vtk
[+] Frame at time 376.00 ms saved to outputs/afhn_spiral/frames/Vm_37600.vtk
[+] Frame at time 377.00 ms saved to outputs/afhn_spiral/frames/Vm_37700.vtk
[+] Frame at time 378.00 ms saved to outputs/afhn_spiral/frames/Vm_37800.vtk
[+] Frame at time 379.00 ms saved to outputs/afhn_spiral/frames/Vm_37900.vtk
[+] Frame at time 380.00 ms saved to outputs/afhn_spiral/frames/Vm_38000.vtk
[+] Frame at time 381.00 ms saved to outputs/afhn_spiral/frames/Vm_38100.vtk
[+] Frame at time 382.00 ms saved to outputs/afhn_spiral/frames/Vm_38200.vtk
[+] Frame at time 383.00 ms saved to outputs/afhn_spiral/frames/Vm_38300.vtk
[+] Frame at time 384.00 ms saved to outputs/afhn_spiral/frames/Vm_38400.vtk
[+] Frame at time 385.00 ms saved to outputs/afhn_spiral/frames/Vm_38500.vtk
[+] Frame at time 386.00 ms saved to outputs/afhn_spiral/frames/Vm_38600.vtk
[+] Frame at time 387.00 ms saved to outputs/afhn_spiral/frames/Vm_38700.vtk
[+] Frame at time 388.00 ms saved to outputs/afhn_spiral/frames/Vm_38800.vtk
[+] Frame at time 389.00 ms saved to outputs/afhn_spiral/frames/Vm_38900.vtk
[+] Frame at time 390.00 ms saved to outputs/afhn_spiral/frames/Vm_39000.vtk
[+] Frame at time 391.00 ms saved to outputs/afhn_spiral/frames/Vm_39100.vtk
[+] Frame at time 392.00 ms saved to outputs/afhn_spiral/frames/Vm_39200.vtk
[+] Frame at time 393.00 ms saved to outputs/afhn_spiral/frames/Vm_39300.vtk
[+] Frame at time 394.00 ms saved to outputs/afhn_spiral/frames/Vm_39400.vtk
[+] Frame at time 395.00 ms saved to outputs/afhn_spiral/frames/Vm_39500.vtk
[+] Frame at time 396.00 ms saved to outputs/afhn_spiral/frames/Vm_39600.vtk
[+] Frame at time 397.00 ms saved to outputs/afhn_spiral/frames/Vm_39700.vtk
[+] Frame at time 398.00 ms saved to outputs/afhn_spiral/frames/Vm_39800.vtk
[+] Frame at time 399.00 ms saved to outputs/afhn_spiral/frames/Vm_39900.vtk
[+] Frame at time 400.00 ms saved to outputs/afhn_spiral/frames/Vm_40000.vtk
[+] Frame at time 401.00 ms saved to outputs/afhn_spiral/frames/Vm_40100.vtk
[+] Frame at time 402.00 ms saved to outputs/afhn_spiral/frames/Vm_40200.vtk
[+] Frame at time 403.00 ms saved to outputs/afhn_spiral/frames/Vm_40300.vtk
[+] Frame at time 404.00 ms saved to outputs/afhn_spiral/frames/Vm_40400.vtk
[+] Frame at time 405.00 ms saved to outputs/afhn_spiral/frames/Vm_40500.vtk
[+] Frame at time 406.00 ms saved to outputs/afhn_spiral/frames/Vm_40600.vtk
[+] Frame at time 407.00 ms saved to outputs/afhn_spiral/frames/Vm_40700.vtk
[+] Frame at time 408.00 ms saved to outputs/afhn_spiral/frames/Vm_40800.vtk
[+] Frame at time 409.00 ms saved to outputs/afhn_spiral/frames/Vm_40900.vtk
[+] Frame at time 410.00 ms saved to outputs/afhn_spiral/frames/Vm_41000.vtk
[+] Frame at time 411.00 ms saved to outputs/afhn_spiral/frames/Vm_41100.vtk
[+] Frame at time 412.00 ms saved to outputs/afhn_spiral/frames/Vm_41200.vtk
[+] Frame at time 413.00 ms saved to outputs/afhn_spiral/frames/Vm_41300.vtk
[+] Frame at time 414.00 ms saved to outputs/afhn_spiral/frames/Vm_41400.vtk
[+] Frame at time 415.00 ms saved to outputs/afhn_spiral/frames/Vm_41500.vtk
[+] Frame at time 416.00 ms saved to outputs/afhn_spiral/frames/Vm_41600.vtk
[+] Frame at time 417.00 ms saved to outputs/afhn_spiral/frames/Vm_41700.vtk
[+] Frame at time 418.00 ms saved to outputs/afhn_spiral/frames/Vm_41800.vtk
[+] Frame at time 419.00 ms saved to outputs/afhn_spiral/frames/Vm_41900.vtk
[+] Frame at time 420.00 ms saved to outputs/afhn_spiral/frames/Vm_42000.vtk
[+] Frame at time 421.00 ms saved to outputs/afhn_spiral/frames/Vm_42100.vtk
[+] Frame at time 422.00 ms saved to outputs/afhn_spiral/frames/Vm_42200.vtk
[+] Frame at time 423.00 ms saved to outputs/afhn_spiral/frames/Vm_42300.vtk
[+] Frame at time 424.00 ms saved to outputs/afhn_spiral/frames/Vm_42400.vtk
[+] Frame at time 425.00 ms saved to outputs/afhn_spiral/frames/Vm_42500.vtk
[+] Frame at time 426.00 ms saved to outputs/afhn_spiral/frames/Vm_42600.vtk
[+] Frame at time 427.00 ms saved to outputs/afhn_spiral/frames/Vm_42700.vtk
[+] Frame at time 428.00 ms saved to outputs/afhn_spiral/frames/Vm_42800.vtk
[+] Frame at time 429.00 ms saved to outputs/afhn_spiral/frames/Vm_42900.vtk
[+] Frame at time 430.00 ms saved to outputs/afhn_spiral/frames/Vm_43000.vtk
[+] Frame at time 431.00 ms saved to outputs/afhn_spiral/frames/Vm_43100.vtk
[+] Frame at time 432.00 ms saved to outputs/afhn_spiral/frames/Vm_43200.vtk
[+] Frame at time 433.00 ms saved to outputs/afhn_spiral/frames/Vm_43300.vtk
[+] Frame at time 434.00 ms saved to outputs/afhn_spiral/frames/Vm_43400.vtk
[+] Frame at time 435.00 ms saved to outputs/afhn_spiral/frames/Vm_43500.vtk
[+] Frame at time 436.00 ms saved to outputs/afhn_spiral/frames/Vm_43600.vtk
[+] Frame at time 437.00 ms saved to outputs/afhn_spiral/frames/Vm_43700.vtk
[+] Frame at time 438.00 ms saved to outputs/afhn_spiral/frames/Vm_43800.vtk
[+] Frame at time 439.00 ms saved to outputs/afhn_spiral/frames/Vm_43900.vtk
[+] Frame at time 440.00 ms saved to outputs/afhn_spiral/frames/Vm_44000.vtk
[+] Frame at time 441.00 ms saved to outputs/afhn_spiral/frames/Vm_44100.vtk
[+] Frame at time 442.00 ms saved to outputs/afhn_spiral/frames/Vm_44200.vtk
[+] Frame at time 443.00 ms saved to outputs/afhn_spiral/frames/Vm_44300.vtk
[+] Frame at time 444.00 ms saved to outputs/afhn_spiral/frames/Vm_44400.vtk
[+] Frame at time 445.00 ms saved to outputs/afhn_spiral/frames/Vm_44500.vtk
[+] Frame at time 446.00 ms saved to outputs/afhn_spiral/frames/Vm_44600.vtk
[+] Frame at time 447.00 ms saved to outputs/afhn_spiral/frames/Vm_44700.vtk
[+] Frame at time 448.00 ms saved to outputs/afhn_spiral/frames/Vm_44800.vtk
[+] Frame at time 449.00 ms saved to outputs/afhn_spiral/frames/Vm_44900.vtk
[+] Frame at time 450.00 ms saved to outputs/afhn_spiral/frames/Vm_45000.vtk
[+] Frame at time 451.00 ms saved to outputs/afhn_spiral/frames/Vm_45100.vtk
[+] Frame at time 452.00 ms saved to outputs/afhn_spiral/frames/Vm_45200.vtk
[+] Frame at time 453.00 ms saved to outputs/afhn_spiral/frames/Vm_45300.vtk
[+] Frame at time 454.00 ms saved to outputs/afhn_spiral/frames/Vm_45400.vtk
[+] Frame at time 455.00 ms saved to outputs/afhn_spiral/frames/Vm_45500.vtk
[+] Frame at time 456.00 ms saved to outputs/afhn_spiral/frames/Vm_45600.vtk
[+] Frame at time 457.00 ms saved to outputs/afhn_spiral/frames/Vm_45700.vtk
[+] Frame at time 458.00 ms saved to outputs/afhn_spiral/frames/Vm_45800.vtk
[+] Frame at time 459.00 ms saved to outputs/afhn_spiral/frames/Vm_45900.vtk
[+] Frame at time 460.00 ms saved to outputs/afhn_spiral/frames/Vm_46000.vtk
[+] Frame at time 461.00 ms saved to outputs/afhn_spiral/frames/Vm_46100.vtk
[+] Frame at time 462.00 ms saved to outputs/afhn_spiral/frames/Vm_46200.vtk
[+] Frame at time 463.00 ms saved to outputs/afhn_spiral/frames/Vm_46300.vtk
[+] Frame at time 464.00 ms saved to outputs/afhn_spiral/frames/Vm_46400.vtk
[+] Frame at time 465.00 ms saved to outputs/afhn_spiral/frames/Vm_46500.vtk
[+] Frame at time 466.00 ms saved to outputs/afhn_spiral/frames/Vm_46600.vtk
[+] Frame at time 467.00 ms saved to outputs/afhn_spiral/frames/Vm_46700.vtk
[+] Frame at time 468.00 ms saved to outputs/afhn_spiral/frames/Vm_46800.vtk
[+] Frame at time 469.00 ms saved to outputs/afhn_spiral/frames/Vm_46900.vtk
[+] Frame at time 470.00 ms saved to outputs/afhn_spiral/frames/Vm_47000.vtk
[+] Frame at time 471.00 ms saved to outputs/afhn_spiral/frames/Vm_47100.vtk
[+] Frame at time 472.00 ms saved to outputs/afhn_spiral/frames/Vm_47200.vtk
[+] Frame at time 473.00 ms saved to outputs/afhn_spiral/frames/Vm_47300.vtk
[+] Frame at time 474.00 ms saved to outputs/afhn_spiral/frames/Vm_47400.vtk
[+] Frame at time 475.00 ms saved to outputs/afhn_spiral/frames/Vm_47500.vtk
[+] Frame at time 476.00 ms saved to outputs/afhn_spiral/frames/Vm_47600.vtk
[+] Frame at time 477.00 ms saved to outputs/afhn_spiral/frames/Vm_47700.vtk
[+] Frame at time 478.00 ms saved to outputs/afhn_spiral/frames/Vm_47800.vtk
[+] Frame at time 479.00 ms saved to outputs/afhn_spiral/frames/Vm_47900.vtk
[+] Frame at time 480.00 ms saved to outputs/afhn_spiral/frames/Vm_48000.vtk
[+] Frame at time 481.00 ms saved to outputs/afhn_spiral/frames/Vm_48100.vtk
[+] Frame at time 482.00 ms saved to outputs/afhn_spiral/frames/Vm_48200.vtk
[+] Frame at time 483.00 ms saved to outputs/afhn_spiral/frames/Vm_48300.vtk
[+] Frame at time 484.00 ms saved to outputs/afhn_spiral/frames/Vm_48400.vtk
[+] Frame at time 485.00 ms saved to outputs/afhn_spiral/frames/Vm_48500.vtk
[+] Frame at time 486.00 ms saved to outputs/afhn_spiral/frames/Vm_48600.vtk
[+] Frame at time 487.00 ms saved to outputs/afhn_spiral/frames/Vm_48700.vtk
[+] Frame at time 488.00 ms saved to outputs/afhn_spiral/frames/Vm_48800.vtk
[+] Frame at time 489.00 ms saved to outputs/afhn_spiral/frames/Vm_48900.vtk
[+] Frame at time 490.00 ms saved to outputs/afhn_spiral/frames/Vm_49000.vtk
[+] Frame at time 491.00 ms saved to outputs/afhn_spiral/frames/Vm_49100.vtk
[+] Frame at time 492.00 ms saved to outputs/afhn_spiral/frames/Vm_49200.vtk
[+] Frame at time 493.00 ms saved to outputs/afhn_spiral/frames/Vm_49300.vtk
[+] Frame at time 494.00 ms saved to outputs/afhn_spiral/frames/Vm_49400.vtk
[+] Frame at time 495.00 ms saved to outputs/afhn_spiral/frames/Vm_49500.vtk
[+] Frame at time 496.00 ms saved to outputs/afhn_spiral/frames/Vm_49600.vtk
[+] Frame at time 497.00 ms saved to outputs/afhn_spiral/frames/Vm_49700.vtk
[+] Frame at time 498.00 ms saved to outputs/afhn_spiral/frames/Vm_49800.vtk
[+] Frame at time 499.00 ms saved to outputs/afhn_spiral/frames/Vm_49900.vtk
[+] Frame at time 500.00 ms saved to outputs/afhn_spiral/frames/Vm_50000.vtk
[+] Frame at time 501.00 ms saved to outputs/afhn_spiral/frames/Vm_50100.vtk
[+] Frame at time 502.00 ms saved to outputs/afhn_spiral/frames/Vm_50200.vtk
[+] Frame at time 503.00 ms saved to outputs/afhn_spiral/frames/Vm_50300.vtk
[+] Frame at time 504.00 ms saved to outputs/afhn_spiral/frames/Vm_50400.vtk
[+] Frame at time 505.00 ms saved to outputs/afhn_spiral/frames/Vm_50500.vtk
[+] Frame at time 506.00 ms saved to outputs/afhn_spiral/frames/Vm_50600.vtk
[+] Frame at time 507.00 ms saved to outputs/afhn_spiral/frames/Vm_50700.vtk
[+] Frame at time 508.00 ms saved to outputs/afhn_spiral/frames/Vm_50800.vtk
[+] Frame at time 509.00 ms saved to outputs/afhn_spiral/frames/Vm_50900.vtk
[+] Frame at time 510.00 ms saved to outputs/afhn_spiral/frames/Vm_51000.vtk
[+] Frame at time 511.00 ms saved to outputs/afhn_spiral/frames/Vm_51100.vtk
[+] Frame at time 512.00 ms saved to outputs/afhn_spiral/frames/Vm_51200.vtk
[+] Frame at time 513.00 ms saved to outputs/afhn_spiral/frames/Vm_51300.vtk
[+] Frame at time 514.00 ms saved to outputs/afhn_spiral/frames/Vm_51400.vtk
[+] Frame at time 515.00 ms saved to outputs/afhn_spiral/frames/Vm_51500.vtk
[+] Frame at time 516.00 ms saved to outputs/afhn_spiral/frames/Vm_51600.vtk
[+] Frame at time 517.00 ms saved to outputs/afhn_spiral/frames/Vm_51700.vtk
[+] Frame at time 518.00 ms saved to outputs/afhn_spiral/frames/Vm_51800.vtk
[+] Frame at time 519.00 ms saved to outputs/afhn_spiral/frames/Vm_51900.vtk
[+] Frame at time 520.00 ms saved to outputs/afhn_spiral/frames/Vm_52000.vtk
[+] Frame at time 521.00 ms saved to outputs/afhn_spiral/frames/Vm_52100.vtk
[+] Frame at time 522.00 ms saved to outputs/afhn_spiral/frames/Vm_52200.vtk
[+] Frame at time 523.00 ms saved to outputs/afhn_spiral/frames/Vm_52300.vtk
[+] Frame at time 524.00 ms saved to outputs/afhn_spiral/frames/Vm_52400.vtk
[+] Frame at time 525.00 ms saved to outputs/afhn_spiral/frames/Vm_52500.vtk
[+] Frame at time 526.00 ms saved to outputs/afhn_spiral/frames/Vm_52600.vtk
[+] Frame at time 527.00 ms saved to outputs/afhn_spiral/frames/Vm_52700.vtk
[+] Frame at time 528.00 ms saved to outputs/afhn_spiral/frames/Vm_52800.vtk
[+] Frame at time 529.00 ms saved to outputs/afhn_spiral/frames/Vm_52900.vtk
[+] Frame at time 530.00 ms saved to outputs/afhn_spiral/frames/Vm_53000.vtk
[+] Frame at time 531.00 ms saved to outputs/afhn_spiral/frames/Vm_53100.vtk
[+] Frame at time 532.00 ms saved to outputs/afhn_spiral/frames/Vm_53200.vtk
[+] Frame at time 533.00 ms saved to outputs/afhn_spiral/frames/Vm_53300.vtk
[+] Frame at time 534.00 ms saved to outputs/afhn_spiral/frames/Vm_53400.vtk
[+] Frame at time 535.00 ms saved to outputs/afhn_spiral/frames/Vm_53500.vtk
[+] Frame at time 536.00 ms saved to outputs/afhn_spiral/frames/Vm_53600.vtk
[+] Frame at time 537.00 ms saved to outputs/afhn_spiral/frames/Vm_53700.vtk
[+] Frame at time 538.00 ms saved to outputs/afhn_spiral/frames/Vm_53800.vtk
[+] Frame at time 539.00 ms saved to outputs/afhn_spiral/frames/Vm_53900.vtk
[+] Frame at time 540.00 ms saved to outputs/afhn_spiral/frames/Vm_54000.vtk
[+] Frame at time 541.00 ms saved to outputs/afhn_spiral/frames/Vm_54100.vtk
[+] Frame at time 542.00 ms saved to outputs/afhn_spiral/frames/Vm_54200.vtk
[+] Frame at time 543.00 ms saved to outputs/afhn_spiral/frames/Vm_54300.vtk
[+] Frame at time 544.00 ms saved to outputs/afhn_spiral/frames/Vm_54400.vtk
[+] Frame at time 545.00 ms saved to outputs/afhn_spiral/frames/Vm_54500.vtk
[+] Frame at time 546.00 ms saved to outputs/afhn_spiral/frames/Vm_54600.vtk
[+] Frame at time 547.00 ms saved to outputs/afhn_spiral/frames/Vm_54700.vtk
[+] Frame at time 548.00 ms saved to outputs/afhn_spiral/frames/Vm_54800.vtk
[+] Frame at time 549.00 ms saved to outputs/afhn_spiral/frames/Vm_54900.vtk
[+] Frame at time 550.00 ms saved to outputs/afhn_spiral/frames/Vm_55000.vtk
[+] Frame at time 551.00 ms saved to outputs/afhn_spiral/frames/Vm_55100.vtk
[+] Frame at time 552.00 ms saved to outputs/afhn_spiral/frames/Vm_55200.vtk
[+] Frame at time 553.00 ms saved to outputs/afhn_spiral/frames/Vm_55300.vtk
[+] Frame at time 554.00 ms saved to outputs/afhn_spiral/frames/Vm_55400.vtk
[+] Frame at time 555.00 ms saved to outputs/afhn_spiral/frames/Vm_55500.vtk
[+] Frame at time 556.00 ms saved to outputs/afhn_spiral/frames/Vm_55600.vtk
[+] Frame at time 557.00 ms saved to outputs/afhn_spiral/frames/Vm_55700.vtk
[+] Frame at time 558.00 ms saved to outputs/afhn_spiral/frames/Vm_55800.vtk
[+] Frame at time 559.00 ms saved to outputs/afhn_spiral/frames/Vm_55900.vtk
[+] Frame at time 560.00 ms saved to outputs/afhn_spiral/frames/Vm_56000.vtk
[+] Frame at time 561.00 ms saved to outputs/afhn_spiral/frames/Vm_56100.vtk
[+] Frame at time 562.00 ms saved to outputs/afhn_spiral/frames/Vm_56200.vtk
[+] Frame at time 563.00 ms saved to outputs/afhn_spiral/frames/Vm_56300.vtk
[+] Frame at time 564.00 ms saved to outputs/afhn_spiral/frames/Vm_56400.vtk
[+] Frame at time 565.00 ms saved to outputs/afhn_spiral/frames/Vm_56500.vtk
[+] Frame at time 566.00 ms saved to outputs/afhn_spiral/frames/Vm_56600.vtk
[+] Frame at time 567.00 ms saved to outputs/afhn_spiral/frames/Vm_56700.vtk
[+] Frame at time 568.00 ms saved to outputs/afhn_spiral/frames/Vm_56800.vtk
[+] Frame at time 569.00 ms saved to outputs/afhn_spiral/frames/Vm_56900.vtk
[+] Frame at time 570.00 ms saved to outputs/afhn_spiral/frames/Vm_57000.vtk
[+] Frame at time 571.00 ms saved to outputs/afhn_spiral/frames/Vm_57100.vtk
[+] Frame at time 572.00 ms saved to outputs/afhn_spiral/frames/Vm_57200.vtk
[+] Frame at time 573.00 ms saved to outputs/afhn_spiral/frames/Vm_57300.vtk
[+] Frame at time 574.00 ms saved to outputs/afhn_spiral/frames/Vm_57400.vtk
[+] Frame at time 575.00 ms saved to outputs/afhn_spiral/frames/Vm_57500.vtk
[+] Frame at time 576.00 ms saved to outputs/afhn_spiral/frames/Vm_57600.vtk
[+] Frame at time 577.00 ms saved to outputs/afhn_spiral/frames/Vm_57700.vtk
[+] Frame at time 578.00 ms saved to outputs/afhn_spiral/frames/Vm_57800.vtk
[+] Frame at time 579.00 ms saved to outputs/afhn_spiral/frames/Vm_57900.vtk
[+] Frame at time 580.00 ms saved to outputs/afhn_spiral/frames/Vm_58000.vtk
[+] Frame at time 581.00 ms saved to outputs/afhn_spiral/frames/Vm_58100.vtk
[+] Frame at time 582.00 ms saved to outputs/afhn_spiral/frames/Vm_58200.vtk
[+] Frame at time 583.00 ms saved to outputs/afhn_spiral/frames/Vm_58300.vtk
[+] Frame at time 584.00 ms saved to outputs/afhn_spiral/frames/Vm_58400.vtk
[+] Frame at time 585.00 ms saved to outputs/afhn_spiral/frames/Vm_58500.vtk
[+] Frame at time 586.00 ms saved to outputs/afhn_spiral/frames/Vm_58600.vtk
[+] Frame at time 587.00 ms saved to outputs/afhn_spiral/frames/Vm_58700.vtk
[+] Frame at time 588.00 ms saved to outputs/afhn_spiral/frames/Vm_58800.vtk
[+] Frame at time 589.00 ms saved to outputs/afhn_spiral/frames/Vm_58900.vtk
[+] Frame at time 590.00 ms saved to outputs/afhn_spiral/frames/Vm_59000.vtk
[+] Frame at time 591.00 ms saved to outputs/afhn_spiral/frames/Vm_59100.vtk
[+] Frame at time 592.00 ms saved to outputs/afhn_spiral/frames/Vm_59200.vtk
[+] Frame at time 593.00 ms saved to outputs/afhn_spiral/frames/Vm_59300.vtk
[+] Frame at time 594.00 ms saved to outputs/afhn_spiral/frames/Vm_59400.vtk
[+] Frame at time 595.00 ms saved to outputs/afhn_spiral/frames/Vm_59500.vtk
[+] Frame at time 596.00 ms saved to outputs/afhn_spiral/frames/Vm_59600.vtk
[+] Frame at time 597.00 ms saved to outputs/afhn_spiral/frames/Vm_59700.vtk
[+] Frame at time 598.00 ms saved to outputs/afhn_spiral/frames/Vm_59800.vtk
[+] Frame at time 599.00 ms saved to outputs/afhn_spiral/frames/Vm_59900.vtk
[+] Frame at time 600.00 ms saved to outputs/afhn_spiral/frames/Vm_60000.vtk
[+] Frame at time 601.00 ms saved to outputs/afhn_spiral/frames/Vm_60100.vtk
[+] Frame at time 602.00 ms saved to outputs/afhn_spiral/frames/Vm_60200.vtk
[+] Frame at time 603.00 ms saved to outputs/afhn_spiral/frames/Vm_60300.vtk
[+] Frame at time 604.00 ms saved to outputs/afhn_spiral/frames/Vm_60400.vtk
[+] Frame at time 605.00 ms saved to outputs/afhn_spiral/frames/Vm_60500.vtk
[+] Frame at time 606.00 ms saved to outputs/afhn_spiral/frames/Vm_60600.vtk
[+] Frame at time 607.00 ms saved to outputs/afhn_spiral/frames/Vm_60700.vtk
[+] Frame at time 608.00 ms saved to outputs/afhn_spiral/frames/Vm_60800.vtk
[+] Frame at time 609.00 ms saved to outputs/afhn_spiral/frames/Vm_60900.vtk
[+] Frame at time 610.00 ms saved to outputs/afhn_spiral/frames/Vm_61000.vtk
[+] Frame at time 611.00 ms saved to outputs/afhn_spiral/frames/Vm_61100.vtk
[+] Frame at time 612.00 ms saved to outputs/afhn_spiral/frames/Vm_61200.vtk
[+] Frame at time 613.00 ms saved to outputs/afhn_spiral/frames/Vm_61300.vtk
[+] Frame at time 614.00 ms saved to outputs/afhn_spiral/frames/Vm_61400.vtk
[+] Frame at time 615.00 ms saved to outputs/afhn_spiral/frames/Vm_61500.vtk
[+] Frame at time 616.00 ms saved to outputs/afhn_spiral/frames/Vm_61600.vtk
[+] Frame at time 617.00 ms saved to outputs/afhn_spiral/frames/Vm_61700.vtk
[+] Frame at time 618.00 ms saved to outputs/afhn_spiral/frames/Vm_61800.vtk
[+] Frame at time 619.00 ms saved to outputs/afhn_spiral/frames/Vm_61900.vtk
[+] Frame at time 620.00 ms saved to outputs/afhn_spiral/frames/Vm_62000.vtk
[+] Frame at time 621.00 ms saved to outputs/afhn_spiral/frames/Vm_62100.vtk
[+] Frame at time 622.00 ms saved to outputs/afhn_spiral/frames/Vm_62200.vtk
[+] Frame at time 623.00 ms saved to outputs/afhn_spiral/frames/Vm_62300.vtk
[+] Frame at time 624.00 ms saved to outputs/afhn_spiral/frames/Vm_62400.vtk
[+] Frame at time 625.00 ms saved to outputs/afhn_spiral/frames/Vm_62500.vtk
[+] Frame at time 626.00 ms saved to outputs/afhn_spiral/frames/Vm_62600.vtk
[+] Frame at time 627.00 ms saved to outputs/afhn_spiral/frames/Vm_62700.vtk
[+] Frame at time 628.00 ms saved to outputs/afhn_spiral/frames/Vm_62800.vtk
[+] Frame at time 629.00 ms saved to outputs/afhn_spiral/frames/Vm_62900.vtk
[+] Frame at time 630.00 ms saved to outputs/afhn_spiral/frames/Vm_63000.vtk
[+] Frame at time 631.00 ms saved to outputs/afhn_spiral/frames/Vm_63100.vtk
[+] Frame at time 632.00 ms saved to outputs/afhn_spiral/frames/Vm_63200.vtk
[+] Frame at time 633.00 ms saved to outputs/afhn_spiral/frames/Vm_63300.vtk
[+] Frame at time 634.00 ms saved to outputs/afhn_spiral/frames/Vm_63400.vtk
[+] Frame at time 635.00 ms saved to outputs/afhn_spiral/frames/Vm_63500.vtk
[+] Frame at time 636.00 ms saved to outputs/afhn_spiral/frames/Vm_63600.vtk
[+] Frame at time 637.00 ms saved to outputs/afhn_spiral/frames/Vm_63700.vtk
[+] Frame at time 638.00 ms saved to outputs/afhn_spiral/frames/Vm_63800.vtk
[+] Frame at time 639.00 ms saved to outputs/afhn_spiral/frames/Vm_63900.vtk
[+] Frame at time 640.00 ms saved to outputs/afhn_spiral/frames/Vm_64000.vtk
[+] Frame at time 641.00 ms saved to outputs/afhn_spiral/frames/Vm_64100.vtk
[+] Frame at time 642.00 ms saved to outputs/afhn_spiral/frames/Vm_64200.vtk
[+] Frame at time 643.00 ms saved to outputs/afhn_spiral/frames/Vm_64300.vtk
[+] Frame at time 644.00 ms saved to outputs/afhn_spiral/frames/Vm_64400.vtk
[+] Frame at time 645.00 ms saved to outputs/afhn_spiral/frames/Vm_64500.vtk
[+] Frame at time 646.00 ms saved to outputs/afhn_spiral/frames/Vm_64600.vtk
[+] Frame at time 647.00 ms saved to outputs/afhn_spiral/frames/Vm_64700.vtk
[+] Frame at time 648.00 ms saved to outputs/afhn_spiral/frames/Vm_64800.vtk
[+] Frame at time 649.00 ms saved to outputs/afhn_spiral/frames/Vm_64900.vtk
[+] Frame at time 650.00 ms saved to outputs/afhn_spiral/frames/Vm_65000.vtk
[+] Frame at time 651.00 ms saved to outputs/afhn_spiral/frames/Vm_65100.vtk
[+] Frame at time 652.00 ms saved to outputs/afhn_spiral/frames/Vm_65200.vtk
[+] Frame at time 653.00 ms saved to outputs/afhn_spiral/frames/Vm_65300.vtk
[+] Frame at time 654.00 ms saved to outputs/afhn_spiral/frames/Vm_65400.vtk
[+] Frame at time 655.00 ms saved to outputs/afhn_spiral/frames/Vm_65500.vtk
[+] Frame at time 656.00 ms saved to outputs/afhn_spiral/frames/Vm_65600.vtk
[+] Frame at time 657.00 ms saved to outputs/afhn_spiral/frames/Vm_65700.vtk
[+] Frame at time 658.00 ms saved to outputs/afhn_spiral/frames/Vm_65800.vtk
[+] Frame at time 659.00 ms saved to outputs/afhn_spiral/frames/Vm_65900.vtk
[+] Frame at time 660.00 ms saved to outputs/afhn_spiral/frames/Vm_66000.vtk
[+] Frame at time 661.00 ms saved to outputs/afhn_spiral/frames/Vm_66100.vtk
[+] Frame at time 662.00 ms saved to outputs/afhn_spiral/frames/Vm_66200.vtk
[+] Frame at time 663.00 ms saved to outputs/afhn_spiral/frames/Vm_66300.vtk
[+] Frame at time 664.00 ms saved to outputs/afhn_spiral/frames/Vm_66400.vtk
[+] Frame at time 665.00 ms saved to outputs/afhn_spiral/frames/Vm_66500.vtk
[+] Frame at time 666.00 ms saved to outputs/afhn_spiral/frames/Vm_66600.vtk
[+] Frame at time 667.00 ms saved to outputs/afhn_spiral/frames/Vm_66700.vtk
[+] Frame at time 668.00 ms saved to outputs/afhn_spiral/frames/Vm_66800.vtk
[+] Frame at time 669.00 ms saved to outputs/afhn_spiral/frames/Vm_66900.vtk
[+] Frame at time 670.00 ms saved to outputs/afhn_spiral/frames/Vm_67000.vtk
[+] Frame at time 671.00 ms saved to outputs/afhn_spiral/frames/Vm_67100.vtk
[+] Frame at time 672.00 ms saved to outputs/afhn_spiral/frames/Vm_67200.vtk
[+] Frame at time 673.00 ms saved to outputs/afhn_spiral/frames/Vm_67300.vtk
[+] Frame at time 674.00 ms saved to outputs/afhn_spiral/frames/Vm_67400.vtk
[+] Frame at time 675.00 ms saved to outputs/afhn_spiral/frames/Vm_67500.vtk
[+] Frame at time 676.00 ms saved to outputs/afhn_spiral/frames/Vm_67600.vtk
[+] Frame at time 677.00 ms saved to outputs/afhn_spiral/frames/Vm_67700.vtk
[+] Frame at time 678.00 ms saved to outputs/afhn_spiral/frames/Vm_67800.vtk
[+] Frame at time 679.00 ms saved to outputs/afhn_spiral/frames/Vm_67900.vtk
[+] Frame at time 680.00 ms saved to outputs/afhn_spiral/frames/Vm_68000.vtk
[+] Frame at time 681.00 ms saved to outputs/afhn_spiral/frames/Vm_68100.vtk
[+] Frame at time 682.00 ms saved to outputs/afhn_spiral/frames/Vm_68200.vtk
[+] Frame at time 683.00 ms saved to outputs/afhn_spiral/frames/Vm_68300.vtk
[+] Frame at time 684.00 ms saved to outputs/afhn_spiral/frames/Vm_68400.vtk
[+] Frame at time 685.00 ms saved to outputs/afhn_spiral/frames/Vm_68500.vtk
[+] Frame at time 686.00 ms saved to outputs/afhn_spiral/frames/Vm_68600.vtk
[+] Frame at time 687.00 ms saved to outputs/afhn_spiral/frames/Vm_68700.vtk
[+] Frame at time 688.00 ms saved to outputs/afhn_spiral/frames/Vm_68800.vtk
[+] Frame at time 689.00 ms saved to outputs/afhn_spiral/frames/Vm_68900.vtk
[+] Frame at time 690.00 ms saved to outputs/afhn_spiral/frames/Vm_69000.vtk
[+] Frame at time 691.00 ms saved to outputs/afhn_spiral/frames/Vm_69100.vtk
[+] Frame at time 692.00 ms saved to outputs/afhn_spiral/frames/Vm_69200.vtk
[+] Frame at time 693.00 ms saved to outputs/afhn_spiral/frames/Vm_69300.vtk
[+] Frame at time 694.00 ms saved to outputs/afhn_spiral/frames/Vm_69400.vtk
[+] Frame at time 695.00 ms saved to outputs/afhn_spiral/frames/Vm_69500.vtk
[+] Frame at time 696.00 ms saved to outputs/afhn_spiral/frames/Vm_69600.vtk
[+] Frame at time 697.00 ms saved to outputs/afhn_spiral/frames/Vm_69700.vtk
[+] Frame at time 698.00 ms saved to outputs/afhn_spiral/frames/Vm_69800.vtk
[+] Frame at time 699.00 ms saved to outputs/afhn_spiral/frames/Vm_69900.vtk
[+] Frame at time 700.00 ms saved to outputs/afhn_spiral/frames/Vm_70000.vtk
[+] Frame at time 701.00 ms saved to outputs/afhn_spiral/frames/Vm_70100.vtk
[+] Frame at time 702.00 ms saved to outputs/afhn_spiral/frames/Vm_70200.vtk
[+] Frame at time 703.00 ms saved to outputs/afhn_spiral/frames/Vm_70300.vtk
[+] Frame at time 704.00 ms saved to outputs/afhn_spiral/frames/Vm_70400.vtk
[+] Frame at time 705.00 ms saved to outputs/afhn_spiral/frames/Vm_70500.vtk
[+] Frame at time 706.00 ms saved to outputs/afhn_spiral/frames/Vm_70600.vtk
[+] Frame at time 707.00 ms saved to outputs/afhn_spiral/frames/Vm_70700.vtk
[+] Frame at time 708.00 ms saved to outputs/afhn_spiral/frames/Vm_70800.vtk
[+] Frame at time 709.00 ms saved to outputs/afhn_spiral/frames/Vm_70900.vtk
[+] Frame at time 710.00 ms saved to outputs/afhn_spiral/frames/Vm_71000.vtk
[+] Frame at time 711.00 ms saved to outputs/afhn_spiral/frames/Vm_71100.vtk
[+] Frame at time 712.00 ms saved to outputs/afhn_spiral/frames/Vm_71200.vtk
[+] Frame at time 713.00 ms saved to outputs/afhn_spiral/frames/Vm_71300.vtk
[+] Frame at time 714.00 ms saved to outputs/afhn_spiral/frames/Vm_71400.vtk
[+] Frame at time 715.00 ms saved to outputs/afhn_spiral/frames/Vm_71500.vtk
[+] Frame at time 716.00 ms saved to outputs/afhn_spiral/frames/Vm_71600.vtk
[+] Frame at time 717.00 ms saved to outputs/afhn_spiral/frames/Vm_71700.vtk
[+] Frame at time 718.00 ms saved to outputs/afhn_spiral/frames/Vm_71800.vtk
[+] Frame at time 719.00 ms saved to outputs/afhn_spiral/frames/Vm_71900.vtk
[+] Frame at time 720.00 ms saved to outputs/afhn_spiral/frames/Vm_72000.vtk
[+] Frame at time 721.00 ms saved to outputs/afhn_spiral/frames/Vm_72100.vtk
[+] Frame at time 722.00 ms saved to outputs/afhn_spiral/frames/Vm_72200.vtk
[+] Frame at time 723.00 ms saved to outputs/afhn_spiral/frames/Vm_72300.vtk
[+] Frame at time 724.00 ms saved to outputs/afhn_spiral/frames/Vm_72400.vtk
[+] Frame at time 725.00 ms saved to outputs/afhn_spiral/frames/Vm_72500.vtk
[+] Frame at time 726.00 ms saved to outputs/afhn_spiral/frames/Vm_72600.vtk
[+] Frame at time 727.00 ms saved to outputs/afhn_spiral/frames/Vm_72700.vtk
[+] Frame at time 728.00 ms saved to outputs/afhn_spiral/frames/Vm_72800.vtk
[+] Frame at time 729.00 ms saved to outputs/afhn_spiral/frames/Vm_72900.vtk
[+] Frame at time 730.00 ms saved to outputs/afhn_spiral/frames/Vm_73000.vtk
[+] Frame at time 731.00 ms saved to outputs/afhn_spiral/frames/Vm_73100.vtk
[+] Frame at time 732.00 ms saved to outputs/afhn_spiral/frames/Vm_73200.vtk
[+] Frame at time 733.00 ms saved to outputs/afhn_spiral/frames/Vm_73300.vtk
[+] Frame at time 734.00 ms saved to outputs/afhn_spiral/frames/Vm_73400.vtk
[+] Frame at time 735.00 ms saved to outputs/afhn_spiral/frames/Vm_73500.vtk
[+] Frame at time 736.00 ms saved to outputs/afhn_spiral/frames/Vm_73600.vtk
[+] Frame at time 737.00 ms saved to outputs/afhn_spiral/frames/Vm_73700.vtk
[+] Frame at time 738.00 ms saved to outputs/afhn_spiral/frames/Vm_73800.vtk
[+] Frame at time 739.00 ms saved to outputs/afhn_spiral/frames/Vm_73900.vtk
[+] Frame at time 740.00 ms saved to outputs/afhn_spiral/frames/Vm_74000.vtk
[+] Frame at time 741.00 ms saved to outputs/afhn_spiral/frames/Vm_74100.vtk
[+] Frame at time 742.00 ms saved to outputs/afhn_spiral/frames/Vm_74200.vtk
[+] Frame at time 743.00 ms saved to outputs/afhn_spiral/frames/Vm_74300.vtk
[+] Frame at time 744.00 ms saved to outputs/afhn_spiral/frames/Vm_74400.vtk
[+] Frame at time 745.00 ms saved to outputs/afhn_spiral/frames/Vm_74500.vtk
[+] Frame at time 746.00 ms saved to outputs/afhn_spiral/frames/Vm_74600.vtk
[+] Frame at time 747.00 ms saved to outputs/afhn_spiral/frames/Vm_74700.vtk
[+] Frame at time 748.00 ms saved to outputs/afhn_spiral/frames/Vm_74800.vtk
[+] Frame at time 749.00 ms saved to outputs/afhn_spiral/frames/Vm_74900.vtk
[+] Frame at time 750.00 ms saved to outputs/afhn_spiral/frames/Vm_75000.vtk
[+] Frame at time 751.00 ms saved to outputs/afhn_spiral/frames/Vm_75100.vtk
[+] Frame at time 752.00 ms saved to outputs/afhn_spiral/frames/Vm_75200.vtk
[+] Frame at time 753.00 ms saved to outputs/afhn_spiral/frames/Vm_75300.vtk
[+] Frame at time 754.00 ms saved to outputs/afhn_spiral/frames/Vm_75400.vtk
[+] Frame at time 755.00 ms saved to outputs/afhn_spiral/frames/Vm_75500.vtk
[+] Frame at time 756.00 ms saved to outputs/afhn_spiral/frames/Vm_75600.vtk
[+] Frame at time 757.00 ms saved to outputs/afhn_spiral/frames/Vm_75700.vtk
[+] Frame at time 758.00 ms saved to outputs/afhn_spiral/frames/Vm_75800.vtk
[+] Frame at time 759.00 ms saved to outputs/afhn_spiral/frames/Vm_75900.vtk
[+] Frame at time 760.00 ms saved to outputs/afhn_spiral/frames/Vm_76000.vtk
[+] Frame at time 761.00 ms saved to outputs/afhn_spiral/frames/Vm_76100.vtk
[+] Frame at time 762.00 ms saved to outputs/afhn_spiral/frames/Vm_76200.vtk
[+] Frame at time 763.00 ms saved to outputs/afhn_spiral/frames/Vm_76300.vtk
[+] Frame at time 764.00 ms saved to outputs/afhn_spiral/frames/Vm_76400.vtk
[+] Frame at time 765.00 ms saved to outputs/afhn_spiral/frames/Vm_76500.vtk
[+] Frame at time 766.00 ms saved to outputs/afhn_spiral/frames/Vm_76600.vtk
[+] Frame at time 767.00 ms saved to outputs/afhn_spiral/frames/Vm_76700.vtk
[+] Frame at time 768.00 ms saved to outputs/afhn_spiral/frames/Vm_76800.vtk
[+] Frame at time 769.00 ms saved to outputs/afhn_spiral/frames/Vm_76900.vtk
[+] Frame at time 770.00 ms saved to outputs/afhn_spiral/frames/Vm_77000.vtk
[+] Frame at time 771.00 ms saved to outputs/afhn_spiral/frames/Vm_77100.vtk
[+] Frame at time 772.00 ms saved to outputs/afhn_spiral/frames/Vm_77200.vtk
[+] Frame at time 773.00 ms saved to outputs/afhn_spiral/frames/Vm_77300.vtk
[+] Frame at time 774.00 ms saved to outputs/afhn_spiral/frames/Vm_77400.vtk
[+] Frame at time 775.00 ms saved to outputs/afhn_spiral/frames/Vm_77500.vtk
[+] Frame at time 776.00 ms saved to outputs/afhn_spiral/frames/Vm_77600.vtk
[+] Frame at time 777.00 ms saved to outputs/afhn_spiral/frames/Vm_77700.vtk
[+] Frame at time 778.00 ms saved to outputs/afhn_spiral/frames/Vm_77800.vtk
[+] Frame at time 779.00 ms saved to outputs/afhn_spiral/frames/Vm_77900.vtk
[+] Frame at time 780.00 ms saved to outputs/afhn_spiral/frames/Vm_78000.vtk
[+] Frame at time 781.00 ms saved to outputs/afhn_spiral/frames/Vm_78100.vtk
[+] Frame at time 782.00 ms saved to outputs/afhn_spiral/frames/Vm_78200.vtk
[+] Frame at time 783.00 ms saved to outputs/afhn_spiral/frames/Vm_78300.vtk
[+] Frame at time 784.00 ms saved to outputs/afhn_spiral/frames/Vm_78400.vtk
[+] Frame at time 785.00 ms saved to outputs/afhn_spiral/frames/Vm_78500.vtk
[+] Frame at time 786.00 ms saved to outputs/afhn_spiral/frames/Vm_78600.vtk
[+] Frame at time 787.00 ms saved to outputs/afhn_spiral/frames/Vm_78700.vtk
[+] Frame at time 788.00 ms saved to outputs/afhn_spiral/frames/Vm_78800.vtk
[+] Frame at time 789.00 ms saved to outputs/afhn_spiral/frames/Vm_78900.vtk
[+] Frame at time 790.00 ms saved to outputs/afhn_spiral/frames/Vm_79000.vtk
[+] Frame at time 791.00 ms saved to outputs/afhn_spiral/frames/Vm_79100.vtk
[+] Frame at time 792.00 ms saved to outputs/afhn_spiral/frames/Vm_79200.vtk
[+] Frame at time 793.00 ms saved to outputs/afhn_spiral/frames/Vm_79300.vtk
[+] Frame at time 794.00 ms saved to outputs/afhn_spiral/frames/Vm_79400.vtk
[+] Frame at time 795.00 ms saved to outputs/afhn_spiral/frames/Vm_79500.vtk
[+] Frame at time 796.00 ms saved to outputs/afhn_spiral/frames/Vm_79600.vtk
[+] Frame at time 797.00 ms saved to outputs/afhn_spiral/frames/Vm_79700.vtk
[+] Frame at time 798.00 ms saved to outputs/afhn_spiral/frames/Vm_79800.vtk
[+] Frame at time 799.00 ms saved to outputs/afhn_spiral/frames/Vm_79900.vtk
[+] Frame at time 800.00 ms saved to outputs/afhn_spiral/frames/Vm_80000.vtk
[+] Frame at time 801.00 ms saved to outputs/afhn_spiral/frames/Vm_80100.vtk
[+] Frame at time 802.00 ms saved to outputs/afhn_spiral/frames/Vm_80200.vtk
[+] Frame at time 803.00 ms saved to outputs/afhn_spiral/frames/Vm_80300.vtk
[+] Frame at time 804.00 ms saved to outputs/afhn_spiral/frames/Vm_80400.vtk
[+] Frame at time 805.00 ms saved to outputs/afhn_spiral/frames/Vm_80500.vtk
[+] Frame at time 806.00 ms saved to outputs/afhn_spiral/frames/Vm_80600.vtk
[+] Frame at time 807.00 ms saved to outputs/afhn_spiral/frames/Vm_80700.vtk
[+] Frame at time 808.00 ms saved to outputs/afhn_spiral/frames/Vm_80800.vtk
[+] Frame at time 809.00 ms saved to outputs/afhn_spiral/frames/Vm_80900.vtk
[+] Frame at time 810.00 ms saved to outputs/afhn_spiral/frames/Vm_81000.vtk
[+] Frame at time 811.00 ms saved to outputs/afhn_spiral/frames/Vm_81100.vtk
[+] Frame at time 812.00 ms saved to outputs/afhn_spiral/frames/Vm_81200.vtk
[+] Frame at time 813.00 ms saved to outputs/afhn_spiral/frames/Vm_81300.vtk
[+] Frame at time 814.00 ms saved to outputs/afhn_spiral/frames/Vm_81400.vtk
[+] Frame at time 815.00 ms saved to outputs/afhn_spiral/frames/Vm_81500.vtk
[+] Frame at time 816.00 ms saved to outputs/afhn_spiral/frames/Vm_81600.vtk
[+] Frame at time 817.00 ms saved to outputs/afhn_spiral/frames/Vm_81700.vtk
[+] Frame at time 818.00 ms saved to outputs/afhn_spiral/frames/Vm_81800.vtk
[+] Frame at time 819.00 ms saved to outputs/afhn_spiral/frames/Vm_81900.vtk
[+] Frame at time 820.00 ms saved to outputs/afhn_spiral/frames/Vm_82000.vtk
[+] Frame at time 821.00 ms saved to outputs/afhn_spiral/frames/Vm_82100.vtk
[+] Frame at time 822.00 ms saved to outputs/afhn_spiral/frames/Vm_82200.vtk
[+] Frame at time 823.00 ms saved to outputs/afhn_spiral/frames/Vm_82300.vtk
[+] Frame at time 824.00 ms saved to outputs/afhn_spiral/frames/Vm_82400.vtk
[+] Frame at time 825.00 ms saved to outputs/afhn_spiral/frames/Vm_82500.vtk
[+] Frame at time 826.00 ms saved to outputs/afhn_spiral/frames/Vm_82600.vtk
[+] Frame at time 827.00 ms saved to outputs/afhn_spiral/frames/Vm_82700.vtk
[+] Frame at time 828.00 ms saved to outputs/afhn_spiral/frames/Vm_82800.vtk
[+] Frame at time 829.00 ms saved to outputs/afhn_spiral/frames/Vm_82900.vtk
[+] Frame at time 830.00 ms saved to outputs/afhn_spiral/frames/Vm_83000.vtk
[+] Frame at time 831.00 ms saved to outputs/afhn_spiral/frames/Vm_83100.vtk
[+] Frame at time 832.00 ms saved to outputs/afhn_spiral/frames/Vm_83200.vtk
[+] Frame at time 833.00 ms saved to outputs/afhn_spiral/frames/Vm_83300.vtk
[+] Frame at time 834.00 ms saved to outputs/afhn_spiral/frames/Vm_83400.vtk
[+] Frame at time 835.00 ms saved to outputs/afhn_spiral/frames/Vm_83500.vtk
[+] Frame at time 836.00 ms saved to outputs/afhn_spiral/frames/Vm_83600.vtk
[+] Frame at time 837.00 ms saved to outputs/afhn_spiral/frames/Vm_83700.vtk
[+] Frame at time 838.00 ms saved to outputs/afhn_spiral/frames/Vm_83800.vtk
[+] Frame at time 839.00 ms saved to outputs/afhn_spiral/frames/Vm_83900.vtk
[+] Frame at time 840.00 ms saved to outputs/afhn_spiral/frames/Vm_84000.vtk
[+] Frame at time 841.00 ms saved to outputs/afhn_spiral/frames/Vm_84100.vtk
[+] Frame at time 842.00 ms saved to outputs/afhn_spiral/frames/Vm_84200.vtk
[+] Frame at time 843.00 ms saved to outputs/afhn_spiral/frames/Vm_84300.vtk
[+] Frame at time 844.00 ms saved to outputs/afhn_spiral/frames/Vm_84400.vtk
[+] Frame at time 845.00 ms saved to outputs/afhn_spiral/frames/Vm_84500.vtk
[+] Frame at time 846.00 ms saved to outputs/afhn_spiral/frames/Vm_84600.vtk
[+] Frame at time 847.00 ms saved to outputs/afhn_spiral/frames/Vm_84700.vtk
[+] Frame at time 848.00 ms saved to outputs/afhn_spiral/frames/Vm_84800.vtk
[+] Frame at time 849.00 ms saved to outputs/afhn_spiral/frames/Vm_84900.vtk
[+] Frame at time 850.00 ms saved to outputs/afhn_spiral/frames/Vm_85000.vtk
[+] Frame at time 851.00 ms saved to outputs/afhn_spiral/frames/Vm_85100.vtk
[+] Frame at time 852.00 ms saved to outputs/afhn_spiral/frames/Vm_85200.vtk
[+] Frame at time 853.00 ms saved to outputs/afhn_spiral/frames/Vm_85300.vtk
[+] Frame at time 854.00 ms saved to outputs/afhn_spiral/frames/Vm_85400.vtk
[+] Frame at time 855.00 ms saved to outputs/afhn_spiral/frames/Vm_85500.vtk
[+] Frame at time 856.00 ms saved to outputs/afhn_spiral/frames/Vm_85600.vtk
[+] Frame at time 857.00 ms saved to outputs/afhn_spiral/frames/Vm_85700.vtk
[+] Frame at time 858.00 ms saved to outputs/afhn_spiral/frames/Vm_85800.vtk
[+] Frame at time 859.00 ms saved to outputs/afhn_spiral/frames/Vm_85900.vtk
[+] Frame at time 860.00 ms saved to outputs/afhn_spiral/frames/Vm_86000.vtk
[+] Frame at time 861.00 ms saved to outputs/afhn_spiral/frames/Vm_86100.vtk
[+] Frame at time 862.00 ms saved to outputs/afhn_spiral/frames/Vm_86200.vtk
[+] Frame at time 863.00 ms saved to outputs/afhn_spiral/frames/Vm_86300.vtk
[+] Frame at time 864.00 ms saved to outputs/afhn_spiral/frames/Vm_86400.vtk
[+] Frame at time 865.00 ms saved to outputs/afhn_spiral/frames/Vm_86500.vtk
[+] Frame at time 866.00 ms saved to outputs/afhn_spiral/frames/Vm_86600.vtk
[+] Frame at time 867.00 ms saved to outputs/afhn_spiral/frames/Vm_86700.vtk
[+] Frame at time 868.00 ms saved to outputs/afhn_spiral/frames/Vm_86800.vtk
[+] Frame at time 869.00 ms saved to outputs/afhn_spiral/frames/Vm_86900.vtk
[+] Frame at time 870.00 ms saved to outputs/afhn_spiral/frames/Vm_87000.vtk
[+] Frame at time 871.00 ms saved to outputs/afhn_spiral/frames/Vm_87100.vtk
[+] Frame at time 872.00 ms saved to outputs/afhn_spiral/frames/Vm_87200.vtk
[+] Frame at time 873.00 ms saved to outputs/afhn_spiral/frames/Vm_87300.vtk
[+] Frame at time 874.00 ms saved to outputs/afhn_spiral/frames/Vm_87400.vtk
[+] Frame at time 875.00 ms saved to outputs/afhn_spiral/frames/Vm_87500.vtk
[+] Frame at time 876.00 ms saved to outputs/afhn_spiral/frames/Vm_87600.vtk
[+] Frame at time 877.00 ms saved to outputs/afhn_spiral/frames/Vm_87700.vtk
[+] Frame at time 878.00 ms saved to outputs/afhn_spiral/frames/Vm_87800.vtk
[+] Frame at time 879.00 ms saved to outputs/afhn_spiral/frames/Vm_87900.vtk
[+] Frame at time 880.00 ms saved to outputs/afhn_spiral/frames/Vm_88000.vtk
[+] Frame at time 881.00 ms saved to outputs/afhn_spiral/frames/Vm_88100.vtk
[+] Frame at time 882.00 ms saved to outputs/afhn_spiral/frames/Vm_88200.vtk
[+] Frame at time 883.00 ms saved to outputs/afhn_spiral/frames/Vm_88300.vtk
[+] Frame at time 884.00 ms saved to outputs/afhn_spiral/frames/Vm_88400.vtk
[+] Frame at time 885.00 ms saved to outputs/afhn_spiral/frames/Vm_88500.vtk
[+] Frame at time 886.00 ms saved to outputs/afhn_spiral/frames/Vm_88600.vtk
[+] Frame at time 887.00 ms saved to outputs/afhn_spiral/frames/Vm_88700.vtk
[+] Frame at time 888.00 ms saved to outputs/afhn_spiral/frames/Vm_88800.vtk
[+] Frame at time 889.00 ms saved to outputs/afhn_spiral/frames/Vm_88900.vtk
[+] Frame at time 890.00 ms saved to outputs/afhn_spiral/frames/Vm_89000.vtk
[+] Frame at time 891.00 ms saved to outputs/afhn_spiral/frames/Vm_89100.vtk
[+] Frame at time 892.00 ms saved to outputs/afhn_spiral/frames/Vm_89200.vtk
[+] Frame at time 893.00 ms saved to outputs/afhn_spiral/frames/Vm_89300.vtk
[+] Frame at time 894.00 ms saved to outputs/afhn_spiral/frames/Vm_89400.vtk
[+] Frame at time 895.00 ms saved to outputs/afhn_spiral/frames/Vm_89500.vtk
[+] Frame at time 896.00 ms saved to outputs/afhn_spiral/frames/Vm_89600.vtk
[+] Frame at time 897.00 ms saved to outputs/afhn_spiral/frames/Vm_89700.vtk
[+] Frame at time 898.00 ms saved to outputs/afhn_spiral/frames/Vm_89800.vtk
[+] Frame at time 899.00 ms saved to outputs/afhn_spiral/frames/Vm_89900.vtk
[+] Frame at time 900.00 ms saved to outputs/afhn_spiral/frames/Vm_90000.vtk
[+] Frame at time 901.00 ms saved to outputs/afhn_spiral/frames/Vm_90100.vtk
[+] Frame at time 902.00 ms saved to outputs/afhn_spiral/frames/Vm_90200.vtk
[+] Frame at time 903.00 ms saved to outputs/afhn_spiral/frames/Vm_90300.vtk
[+] Frame at time 904.00 ms saved to outputs/afhn_spiral/frames/Vm_90400.vtk
[+] Frame at time 905.00 ms saved to outputs/afhn_spiral/frames/Vm_90500.vtk
[+] Frame at time 906.00 ms saved to outputs/afhn_spiral/frames/Vm_90600.vtk
[+] Frame at time 907.00 ms saved to outputs/afhn_spiral/frames/Vm_90700.vtk
[+] Frame at time 908.00 ms saved to outputs/afhn_spiral/frames/Vm_90800.vtk
[+] Frame at time 909.00 ms saved to outputs/afhn_spiral/frames/Vm_90900.vtk
[+] Frame at time 910.00 ms saved to outputs/afhn_spiral/frames/Vm_91000.vtk
[+] Frame at time 911.00 ms saved to outputs/afhn_spiral/frames/Vm_91100.vtk
[+] Frame at time 912.00 ms saved to outputs/afhn_spiral/frames/Vm_91200.vtk
[+] Frame at time 913.00 ms saved to outputs/afhn_spiral/frames/Vm_91300.vtk
[+] Frame at time 914.00 ms saved to outputs/afhn_spiral/frames/Vm_91400.vtk
[+] Frame at time 915.00 ms saved to outputs/afhn_spiral/frames/Vm_91500.vtk
[+] Frame at time 916.00 ms saved to outputs/afhn_spiral/frames/Vm_91600.vtk
[+] Frame at time 917.00 ms saved to outputs/afhn_spiral/frames/Vm_91700.vtk
[+] Frame at time 918.00 ms saved to outputs/afhn_spiral/frames/Vm_91800.vtk
[+] Frame at time 919.00 ms saved to outputs/afhn_spiral/frames/Vm_91900.vtk
[+] Frame at time 920.00 ms saved to outputs/afhn_spiral/frames/Vm_92000.vtk
[+] Frame at time 921.00 ms saved to outputs/afhn_spiral/frames/Vm_92100.vtk
[+] Frame at time 922.00 ms saved to outputs/afhn_spiral/frames/Vm_92200.vtk
[+] Frame at time 923.00 ms saved to outputs/afhn_spiral/frames/Vm_92300.vtk
[+] Frame at time 924.00 ms saved to outputs/afhn_spiral/frames/Vm_92400.vtk
[+] Frame at time 925.00 ms saved to outputs/afhn_spiral/frames/Vm_92500.vtk
[+] Frame at time 926.00 ms saved to outputs/afhn_spiral/frames/Vm_92600.vtk
[+] Frame at time 927.00 ms saved to outputs/afhn_spiral/frames/Vm_92700.vtk
[+] Frame at time 928.00 ms saved to outputs/afhn_spiral/frames/Vm_92800.vtk
[+] Frame at time 929.00 ms saved to outputs/afhn_spiral/frames/Vm_92900.vtk
[+] Frame at time 930.00 ms saved to outputs/afhn_spiral/frames/Vm_93000.vtk
[+] Frame at time 931.00 ms saved to outputs/afhn_spiral/frames/Vm_93100.vtk
[+] Frame at time 932.00 ms saved to outputs/afhn_spiral/frames/Vm_93200.vtk
[+] Frame at time 933.00 ms saved to outputs/afhn_spiral/frames/Vm_93300.vtk
[+] Frame at time 934.00 ms saved to outputs/afhn_spiral/frames/Vm_93400.vtk
[+] Frame at time 935.00 ms saved to outputs/afhn_spiral/frames/Vm_93500.vtk
[+] Frame at time 936.00 ms saved to outputs/afhn_spiral/frames/Vm_93600.vtk
[+] Frame at time 937.00 ms saved to outputs/afhn_spiral/frames/Vm_93700.vtk
[+] Frame at time 938.00 ms saved to outputs/afhn_spiral/frames/Vm_93800.vtk
[+] Frame at time 939.00 ms saved to outputs/afhn_spiral/frames/Vm_93900.vtk
[+] Frame at time 940.00 ms saved to outputs/afhn_spiral/frames/Vm_94000.vtk
[+] Frame at time 941.00 ms saved to outputs/afhn_spiral/frames/Vm_94100.vtk
[+] Frame at time 942.00 ms saved to outputs/afhn_spiral/frames/Vm_94200.vtk
[+] Frame at time 943.00 ms saved to outputs/afhn_spiral/frames/Vm_94300.vtk
[+] Frame at time 944.00 ms saved to outputs/afhn_spiral/frames/Vm_94400.vtk
[+] Frame at time 945.00 ms saved to outputs/afhn_spiral/frames/Vm_94500.vtk
[+] Frame at time 946.00 ms saved to outputs/afhn_spiral/frames/Vm_94600.vtk
[+] Frame at time 947.00 ms saved to outputs/afhn_spiral/frames/Vm_94700.vtk
[+] Frame at time 948.00 ms saved to outputs/afhn_spiral/frames/Vm_94800.vtk
[+] Frame at time 949.00 ms saved to outputs/afhn_spiral/frames/Vm_94900.vtk
[+] Frame at time 950.00 ms saved to outputs/afhn_spiral/frames/Vm_95000.vtk
[+] Frame at time 951.00 ms saved to outputs/afhn_spiral/frames/Vm_95100.vtk
[+] Frame at time 952.00 ms saved to outputs/afhn_spiral/frames/Vm_95200.vtk
[+] Frame at time 953.00 ms saved to outputs/afhn_spiral/frames/Vm_95300.vtk
[+] Frame at time 954.00 ms saved to outputs/afhn_spiral/frames/Vm_95400.vtk
[+] Frame at time 955.00 ms saved to outputs/afhn_spiral/frames/Vm_95500.vtk
[+] Frame at time 956.00 ms saved to outputs/afhn_spiral/frames/Vm_95600.vtk
[+] Frame at time 957.00 ms saved to outputs/afhn_spiral/frames/Vm_95700.vtk
[+] Frame at time 958.00 ms saved to outputs/afhn_spiral/frames/Vm_95800.vtk
[+] Frame at time 959.00 ms saved to outputs/afhn_spiral/frames/Vm_95900.vtk
[+] Frame at time 960.00 ms saved to outputs/afhn_spiral/frames/Vm_96000.vtk
[+] Frame at time 961.00 ms saved to outputs/afhn_spiral/frames/Vm_96100.vtk
[+] Frame at time 962.00 ms saved to outputs/afhn_spiral/frames/Vm_96200.vtk
[+] Frame at time 963.00 ms saved to outputs/afhn_spiral/frames/Vm_96300.vtk
[+] Frame at time 964.00 ms saved to outputs/afhn_spiral/frames/Vm_96400.vtk
[+] Frame at time 965.00 ms saved to outputs/afhn_spiral/frames/Vm_96500.vtk
[+] Frame at time 966.00 ms saved to outputs/afhn_spiral/frames/Vm_96600.vtk
[+] Frame at time 967.00 ms saved to outputs/afhn_spiral/frames/Vm_96700.vtk
[+] Frame at time 968.00 ms saved to outputs/afhn_spiral/frames/Vm_96800.vtk
[+] Frame at time 969.00 ms saved to outputs/afhn_spiral/frames/Vm_96900.vtk
[+] Frame at time 970.00 ms saved to outputs/afhn_spiral/frames/Vm_97000.vtk
[+] Frame at time 971.00 ms saved to outputs/afhn_spiral/frames/Vm_97100.vtk
[+] Frame at time 972.00 ms saved to outputs/afhn_spiral/frames/Vm_97200.vtk
[+] Frame at time 973.00 ms saved to outputs/afhn_spiral/frames/Vm_97300.vtk
[+] Frame at time 974.00 ms saved to outputs/afhn_spiral/frames/Vm_97400.vtk
[+] Frame at time 975.00 ms saved to outputs/afhn_spiral/frames/Vm_97500.vtk
[+] Frame at time 976.00 ms saved to outputs/afhn_spiral/frames/Vm_97600.vtk
[+] Frame at time 977.00 ms saved to outputs/afhn_spiral/frames/Vm_97700.vtk
[+] Frame at time 978.00 ms saved to outputs/afhn_spiral/frames/Vm_97800.vtk
[+] Frame at time 979.00 ms saved to outputs/afhn_spiral/frames/Vm_97900.vtk
[+] Frame at time 980.00 ms saved to outputs/afhn_spiral/frames/Vm_98000.vtk
[+] Frame at time 981.00 ms saved to outputs/afhn_spiral/frames/Vm_98100.vtk
[+] Frame at time 982.00 ms saved to outputs/afhn_spiral/frames/Vm_98200.vtk
[+] Frame at time 983.00 ms saved to outputs/afhn_spiral/frames/Vm_98300.vtk
[+] Frame at time 984.00 ms saved to outputs/afhn_spiral/frames/Vm_98400.vtk
[+] Frame at time 985.00 ms saved to outputs/afhn_spiral/frames/Vm_98500.vtk
[+] Frame at time 986.00 ms saved to outputs/afhn_spiral/frames/Vm_98600.vtk
[+] Frame at time 987.00 ms saved to outputs/afhn_spiral/frames/Vm_98700.vtk
[+] Frame at time 988.00 ms saved to outputs/afhn_spiral/frames/Vm_98800.vtk
[+] Frame at time 989.00 ms saved to outputs/afhn_spiral/frames/Vm_98900.vtk
[+] Frame at time 990.00 ms saved to outputs/afhn_spiral/frames/Vm_99000.vtk
[+] Frame at time 991.00 ms saved to outputs/afhn_spiral/frames/Vm_99100.vtk
[+] Frame at time 992.00 ms saved to outputs/afhn_spiral/frames/Vm_99200.vtk
[+] Frame at time 993.00 ms saved to outputs/afhn_spiral/frames/Vm_99300.vtk
[+] Frame at time 994.00 ms saved to outputs/afhn_spiral/frames/Vm_99400.vtk
[+] Frame at time 995.00 ms saved to outputs/afhn_spiral/frames/Vm_99500.vtk
[+] Frame at time 996.00 ms saved to outputs/afhn_spiral/frames/Vm_99600.vtk
[+] Frame at time 997.00 ms saved to outputs/afhn_spiral/frames/Vm_99700.vtk
[+] Frame at time 998.00 ms saved to outputs/afhn_spiral/frames/Vm_99800.vtk
[+] Frame at time 999.00 ms saved to outputs/afhn_spiral/frames/Vm_99900.vtk
[i] Simulation total execution time = 124.13 s
[+] Simulation infos saved to outputs/afhn_spiral/simulation_infos.txt
